Using pre-set license
Built from '2020.3/staging' branch; Version is '2020.3.13f1 (71691879b7f5) revision 7432472'; Using compiler version '192528614'; Build Type 'Release'
OS: 'Windows 10 Home; OS build 19042.1165; Version 2009; 64bit' Language: 'ko' Physical Memory: 16268 MB
BatchMode: 1, IsHumanControllingUs: 0, StartBugReporterOnCrash: 0, Is64bit: 1, IsPro: 0

 COMMAND LINE ARGUMENTS:
D:\3. Programming\Unity\2020.3.13f1\Editor\Unity.exe
-adb2
-batchMode
-noUpm
-name
AssetImportWorker2
-projectPath
D:/3. Programming/GitHub/SMGraduationProject/UnityGraduationProject
-logFile
Logs/AssetImportWorker2.log
-srvPort
49843
Successfully changed project path to: D:/3. Programming/GitHub/SMGraduationProject/UnityGraduationProject
D:/3. Programming/GitHub/SMGraduationProject/UnityGraduationProject
Using Asset Import Pipeline V2.
Refreshing native plugins compatible for Editor in 142.01 ms, found 2 plugins.
Preloading 0 native plugins for Editor in 0.00 ms.
Initialize engine version: 2020.3.13f1 (71691879b7f5)
[Subsystems] Discovering subsystems at path D:/3. Programming/Unity/2020.3.13f1/Editor/Data/Resources/UnitySubsystems
[Subsystems] Discovering subsystems at path D:/3. Programming/GitHub/SMGraduationProject/UnityGraduationProject/Assets
GfxDevice: creating device client; threaded=0
Direct3D:
    Version:  Direct3D 11.0 [level 11.1]
    Renderer: NVIDIA GeForce GTX 1050 Ti (ID=0x1c8c)
    Vendor:   
    VRAM:     4021 MB
    Driver:   27.21.14.6627
Initialize mono
Mono path[0] = 'D:/3. Programming/Unity/2020.3.13f1/Editor/Data/Managed'
Mono path[1] = 'D:/3. Programming/Unity/2020.3.13f1/Editor/Data/MonoBleedingEdge/lib/mono/unityjit'
Mono config path = 'D:/3. Programming/Unity/2020.3.13f1/Editor/Data/MonoBleedingEdge/etc'
Using monoOptions --debugger-agent=transport=dt_socket,embedding=1,server=y,suspend=n,address=127.0.0.1:56464
Begin MonoManager ReloadAssembly
Registering precompiled unity dll's ...
Register platform support module: D:/3. Programming/Unity/2020.3.13f1/Editor/Data/PlaybackEngines/WindowsStandaloneSupport/UnityEditor.WindowsStandalone.Extensions.dll
Registered in 0.001491 seconds.
Native extension for WindowsStandalone target not found
Refreshing native plugins compatible for Editor in 99.58 ms, found 2 plugins.
Preloading 0 native plugins for Editor in 0.00 ms.
Mono: successfully reloaded assembly
- Completed reload, in  1.877 seconds
Platform modules already initialized, skipping
Registering precompiled user dll's ...
Registered in 0.003922 seconds.
Begin MonoManager ReloadAssembly
Native extension for WindowsStandalone target not found
Refreshing native plugins compatible for Editor in 0.72 ms, found 2 plugins.
Preloading 0 native plugins for Editor in 0.00 ms.
Mono: successfully reloaded assembly
- Completed reload, in  2.179 seconds
Platform modules already initialized, skipping
========================================================================
Worker process is ready to serve import requests
Launched and connected shader compiler UnityShaderCompiler.exe after 0.19 seconds
Refreshing native plugins compatible for Editor in 0.71 ms, found 2 plugins.
Preloading 0 native plugins for Editor in 0.00 ms.
Unloading 1845 Unused Serialized files (Serialized files now loaded: 0)
System memory in use before: 133.1 MB.
System memory in use after: 132.8 MB.

Unloading 21 unused Assets to reduce memory usage. Loaded Objects now: 2316.
Total: 3.012400 ms (FindLiveObjects: 0.200400 ms CreateObjectMapping: 0.084700 ms MarkObjects: 1.814800 ms  DeleteObjects: 0.910600 ms)

AssetImportParameters requested are different than current active one (requested -> active):
  custom:framework-win-MediaFoundation: 216162199b28c13a410421893ffa2e32 -> 
  custom:video-decoder-ogg-theora: a1e56fd34408186e4bbccfd4996cb3dc -> 
  custom:container-muxer-webm: aa71ff27fc2769a1b78a27578f13a17b -> 
  custom:container-demuxer-webm: 4f35f7cbe854078d1ac9338744f61a02 -> 
  custom:container-demuxer-ogg: 62fdf1f143b41e24485cea50d1cbac27 -> 
  custom:video-encoder-webm-vp8: eb34c28f22e8b96e1ab97ce403110664 -> 
  custom:video-decoder-webm-vp8: 9c59270c3fd7afecdb556c50c9e8de78 -> 
  custom:audio-decoder-ogg-vorbis: bf7c407c2cedff20999df2af8eb42d56 -> 
  custom:audio-encoder-webm-vorbis: bf7c407c2cedff20999df2af8eb42d56 -> 
========================================================================
Received Import Request.
  path: Assets/Hyungsik/YHS/Scripts/Turnstile_Scripts
  artifactKey: Guid(60f626c79f7971346a27ad86fd9f3dd8) Importer(815301076,1909f56bfc062723c751e8b465ee728b)
Start importing Assets/Hyungsik/YHS/Scripts/Turnstile_Scripts using Guid(60f626c79f7971346a27ad86fd9f3dd8) Importer(815301076,1909f56bfc062723c751e8b465ee728b)  -> (artifact id: '48d42f266634037b564d53ed9d6ac2b6') in 0.120320 seconds 
  Import took 0.126789 seconds .

========================================================================
Received Import Request.
  Time since last request: 0.000350 seconds.
  path: Assets/Old Sea Port/scenes/Dock Thing_Profiles/Post-process Volume Profile_Old Sea Port.asset
  artifactKey: Guid(c4272b84e8d2077489f21b1669082645) Importer(815301076,1909f56bfc062723c751e8b465ee728b)
Start importing Assets/Old Sea Port/scenes/Dock Thing_Profiles/Post-process Volume Profile_Old Sea Port.asset using Guid(c4272b84e8d2077489f21b1669082645) Importer(815301076,1909f56bfc062723c751e8b465ee728b)  -> (artifact id: '303609fefa6b1a98c3cbeac2020a7e87') in 0.210741 seconds 
  Import took 0.215205 seconds .

========================================================================
Received Import Request.
  Time since last request: 0.000235 seconds.
  path: Assets/Hyungsik/YHS/9t5 Low Poly Playground/FBXs/Playground Roof Support.fbx
  artifactKey: Guid(af0d4fb5886ed024280af92ba47561fa) Importer(815301076,1909f56bfc062723c751e8b465ee728b)
Start importing Assets/Hyungsik/YHS/9t5 Low Poly Playground/FBXs/Playground Roof Support.fbx using Guid(af0d4fb5886ed024280af92ba47561fa) Importer(815301076,1909f56bfc062723c751e8b465ee728b)  -> (artifact id: '4dd9c7129691e55ba74c363f0632b5ee') in 0.584423 seconds 
  Import took 0.589368 seconds .

========================================================================
Received Import Request.
  Time since last request: 0.000362 seconds.
  path: Assets/Hyungsik/YHS/9t5 Low Poly Playground/Prefabs/Playground Supports 1.prefab
  artifactKey: Guid(77552bc4ff1475848afadb0aa83dcec6) Importer(815301076,1909f56bfc062723c751e8b465ee728b)
Start importing Assets/Hyungsik/YHS/9t5 Low Poly Playground/Prefabs/Playground Supports 1.prefab using Guid(77552bc4ff1475848afadb0aa83dcec6) Importer(815301076,1909f56bfc062723c751e8b465ee728b)  -> (artifact id: 'c06820e01169e13d0814a7eba7353fd6') in 0.075549 seconds 
  Import took 0.079158 seconds .

========================================================================
Received Import Request.
  Time since last request: 0.000252 seconds.
  path: Assets/Old Sea Port/Water/Old Sea Port_Water.mat
  artifactKey: Guid(d93816328639b73459e52af75ae1dd84) Importer(815301076,1909f56bfc062723c751e8b465ee728b)
Start importing Assets/Old Sea Port/Water/Old Sea Port_Water.mat using Guid(d93816328639b73459e52af75ae1dd84) Importer(815301076,1909f56bfc062723c751e8b465ee728b)  -> (artifact id: '235c17799d78699b3c280972cd5261e5') in 0.288005 seconds 
  Import took 0.292133 seconds .

========================================================================
Received Import Request.
  Time since last request: 0.000212 seconds.
  path: Assets/Hyungsik/YHS/Scripts/Turnstile_Scripts/keunwoo
  artifactKey: Guid(c64467d8f9830124da12966c06e1f2c2) Importer(815301076,1909f56bfc062723c751e8b465ee728b)
Start importing Assets/Hyungsik/YHS/Scripts/Turnstile_Scripts/keunwoo using Guid(c64467d8f9830124da12966c06e1f2c2) Importer(815301076,1909f56bfc062723c751e8b465ee728b)  -> (artifact id: 'c5e2273a3d629d8ee5a43e6018ace5de') in 0.021808 seconds 
  Import took 0.025782 seconds .

========================================================================
Received Import Request.
  Time since last request: 0.000212 seconds.
  path: Assets/Hyungsik/YHS/9t5 Low Poly Playground/Prefabs/Playground Roof Support.prefab
  artifactKey: Guid(f00c2893f643bee4d9208a6b4f4f415d) Importer(815301076,1909f56bfc062723c751e8b465ee728b)
Start importing Assets/Hyungsik/YHS/9t5 Low Poly Playground/Prefabs/Playground Roof Support.prefab using Guid(f00c2893f643bee4d9208a6b4f4f415d) Importer(815301076,1909f56bfc062723c751e8b465ee728b)  -> (artifact id: '2e9c0de25cf757b1c4b8b67e8a8d70d8') in 0.048206 seconds 
  Import took 0.051498 seconds .

========================================================================
Received Import Request.
  Time since last request: 0.000219 seconds.
  path: Assets/Hyungsik/YHS/9t5 Low Poly Playground/Prefabs/Playground Supports 2.prefab
  artifactKey: Guid(ffff92f680d5f144d9d5727594f11fcf) Importer(815301076,1909f56bfc062723c751e8b465ee728b)
Start importing Assets/Hyungsik/YHS/9t5 Low Poly Playground/Prefabs/Playground Supports 2.prefab using Guid(ffff92f680d5f144d9d5727594f11fcf) Importer(815301076,1909f56bfc062723c751e8b465ee728b)  -> (artifact id: '3c4ea261e5271aaaf0d94d87a82735ab') in 0.019427 seconds 
  Import took 0.024542 seconds .

========================================================================
Received Import Request.
  Time since last request: 0.000094 seconds.
  path: Assets/Hyungsik/YHS/Scripts/Turnstile_Scripts/Yohan
  artifactKey: Guid(2f0cf494dc625bf4e991e32204bbe839) Importer(815301076,1909f56bfc062723c751e8b465ee728b)
Start importing Assets/Hyungsik/YHS/Scripts/Turnstile_Scripts/Yohan using Guid(2f0cf494dc625bf4e991e32204bbe839) Importer(815301076,1909f56bfc062723c751e8b465ee728b)  -> (artifact id: 'bc0eb9271a20f24a0155c306d2e6950c') in 0.072118 seconds 
  Import took 0.081104 seconds .

========================================================================
Received Import Request.
  Time since last request: 0.000689 seconds.
  path: Assets/Hyungsik/YHS/9t5 Low Poly Playground/FBXs/Playground Supports.fbx
  artifactKey: Guid(e42812c9cbea15d4082d1242d111bfb0) Importer(815301076,1909f56bfc062723c751e8b465ee728b)
Start importing Assets/Hyungsik/YHS/9t5 Low Poly Playground/FBXs/Playground Supports.fbx using Guid(e42812c9cbea15d4082d1242d111bfb0) Importer(815301076,1909f56bfc062723c751e8b465ee728b)  -> (artifact id: 'c4d8d2ea2f465c5df0baefc667208586') in 0.184357 seconds 
  Import took 0.196315 seconds .

========================================================================
Received Import Request.
  Time since last request: 0.000269 seconds.
  path: Assets/Hyungsik/YHS/Scripts/Turnstile_Scripts/Yohan/Yohan_exit.cs
  artifactKey: Guid(3ce9d301b2784bd469f3864daa5f8212) Importer(815301076,1909f56bfc062723c751e8b465ee728b)
Start importing Assets/Hyungsik/YHS/Scripts/Turnstile_Scripts/Yohan/Yohan_exit.cs using Guid(3ce9d301b2784bd469f3864daa5f8212) Importer(815301076,1909f56bfc062723c751e8b465ee728b)  -> (artifact id: 'afe5e5ec538915bf2fcabb010a6537e3') in 0.028438 seconds 
  Import took 0.033427 seconds .

========================================================================
Received Import Request.
  Time since last request: 0.000256 seconds.
  path: Assets/Hyungsik/YHS/9t5 Low Poly Playground/Prefabs/Playground Supports 4.prefab
  artifactKey: Guid(15ad90d5fbcede14f8af0cc96afc659c) Importer(815301076,1909f56bfc062723c751e8b465ee728b)
Start importing Assets/Hyungsik/YHS/9t5 Low Poly Playground/Prefabs/Playground Supports 4.prefab using Guid(15ad90d5fbcede14f8af0cc96afc659c) Importer(815301076,1909f56bfc062723c751e8b465ee728b)  -> (artifact id: '8eded71e26001e0520fad0607727e355') in 0.024538 seconds 
  Import took 0.030453 seconds .

========================================================================
Received Import Request.
  Time since last request: 0.000065 seconds.
  path: Assets/Hyungsik/YHS/9t5 Low Poly Playground/Prefabs/Playground Supports 3.prefab
  artifactKey: Guid(57bc683d8473dbf45a1d9c55378770fe) Importer(815301076,1909f56bfc062723c751e8b465ee728b)
Start importing Assets/Hyungsik/YHS/9t5 Low Poly Playground/Prefabs/Playground Supports 3.prefab using Guid(57bc683d8473dbf45a1d9c55378770fe) Importer(815301076,1909f56bfc062723c751e8b465ee728b)  -> (artifact id: '120bab620c153e1f078a34f47f0ba96f') in 0.074916 seconds 
  Import took 0.107787 seconds .

========================================================================
Received Prepare
Registering precompiled user dll's ...
Registered in 0.005334 seconds.
Begin MonoManager ReloadAssembly
Native extension for WindowsStandalone target not found
Refreshing native plugins compatible for Editor in 0.78 ms, found 2 plugins.
Preloading 0 native plugins for Editor in 0.00 ms.
Mono: successfully reloaded assembly
- Completed reload, in  1.698 seconds
Platform modules already initialized, skipping
Refreshing native plugins compatible for Editor in 1.90 ms, found 2 plugins.
Preloading 0 native plugins for Editor in 0.00 ms.
Unloading 1721 Unused Serialized files (Serialized files now loaded: 0)
System memory in use before: 124.9 MB.
System memory in use after: 124.6 MB.

Unloading 16 unused Assets to reduce memory usage. Loaded Objects now: 2362.
Total: 8.231900 ms (FindLiveObjects: 0.350400 ms CreateObjectMapping: 0.308100 ms MarkObjects: 5.190300 ms  DeleteObjects: 2.375700 ms)

AssetImportParameters requested are different than current active one (requested -> active):
  custom:framework-win-MediaFoundation: 216162199b28c13a410421893ffa2e32 -> 
  custom:video-decoder-ogg-theora: a1e56fd34408186e4bbccfd4996cb3dc -> 
  custom:container-muxer-webm: aa71ff27fc2769a1b78a27578f13a17b -> 
  custom:container-demuxer-webm: 4f35f7cbe854078d1ac9338744f61a02 -> 
  custom:container-demuxer-ogg: 62fdf1f143b41e24485cea50d1cbac27 -> 
  custom:video-encoder-webm-vp8: eb34c28f22e8b96e1ab97ce403110664 -> 
  custom:video-decoder-webm-vp8: 9c59270c3fd7afecdb556c50c9e8de78 -> 
  custom:audio-decoder-ogg-vorbis: bf7c407c2cedff20999df2af8eb42d56 -> 
  custom:audio-encoder-webm-vorbis: bf7c407c2cedff20999df2af8eb42d56 -> 
========================================================================
Received Prepare
Registering precompiled user dll's ...
Registered in 0.003771 seconds.
Begin MonoManager ReloadAssembly
Native extension for WindowsStandalone target not found
Refreshing native plugins compatible for Editor in 0.87 ms, found 2 plugins.
Preloading 0 native plugins for Editor in 0.00 ms.
Mono: successfully reloaded assembly
- Completed reload, in  1.383 seconds
Platform modules already initialized, skipping
Refreshing native plugins compatible for Editor in 7.57 ms, found 2 plugins.
Preloading 0 native plugins for Editor in 0.00 ms.
Unloading 1721 Unused Serialized files (Serialized files now loaded: 0)
System memory in use before: 124.9 MB.
System memory in use after: 124.6 MB.

Unloading 16 unused Assets to reduce memory usage. Loaded Objects now: 2365.
Total: 25.818100 ms (FindLiveObjects: 1.990800 ms CreateObjectMapping: 0.110900 ms MarkObjects: 22.935600 ms  DeleteObjects: 0.704300 ms)

AssetImportParameters requested are different than current active one (requested -> active):
  custom:framework-win-MediaFoundation: 216162199b28c13a410421893ffa2e32 -> 
  custom:video-decoder-ogg-theora: a1e56fd34408186e4bbccfd4996cb3dc -> 
  custom:container-muxer-webm: aa71ff27fc2769a1b78a27578f13a17b -> 
  custom:container-demuxer-webm: 4f35f7cbe854078d1ac9338744f61a02 -> 
  custom:container-demuxer-ogg: 62fdf1f143b41e24485cea50d1cbac27 -> 
  custom:video-encoder-webm-vp8: eb34c28f22e8b96e1ab97ce403110664 -> 
  custom:video-decoder-webm-vp8: 9c59270c3fd7afecdb556c50c9e8de78 -> 
  custom:audio-decoder-ogg-vorbis: bf7c407c2cedff20999df2af8eb42d56 -> 
  custom:audio-encoder-webm-vorbis: bf7c407c2cedff20999df2af8eb42d56 -> 
========================================================================
Received Import Request.
  Time since last request: 198.943886 seconds.
  path: Assets/Hyungsik/YHS/Scripts/Turnstile_Scripts/juhyeok/juhyeok_exit.cs
  artifactKey: Guid(4e1d72b2914c9d843800a439faceeb13) Importer(815301076,1909f56bfc062723c751e8b465ee728b)
Start importing Assets/Hyungsik/YHS/Scripts/Turnstile_Scripts/juhyeok/juhyeok_exit.cs using Guid(4e1d72b2914c9d843800a439faceeb13) Importer(815301076,1909f56bfc062723c751e8b465ee728b)  -> (artifact id: '93f302158f0231b187e73154eeb541db') in 0.120711 seconds 
  Import took 0.140730 seconds .

========================================================================
Received Prepare
Registering precompiled user dll's ...
Registered in 0.004905 seconds.
Begin MonoManager ReloadAssembly
Native extension for WindowsStandalone target not found
Refreshing native plugins compatible for Editor in 0.87 ms, found 2 plugins.
Preloading 0 native plugins for Editor in 0.00 ms.
Mono: successfully reloaded assembly
- Completed reload, in  1.545 seconds
Platform modules already initialized, skipping
Refreshing native plugins compatible for Editor in 1.39 ms, found 2 plugins.
Preloading 0 native plugins for Editor in 0.00 ms.
Unloading 1721 Unused Serialized files (Serialized files now loaded: 0)
System memory in use before: 124.9 MB.
System memory in use after: 124.6 MB.

Unloading 16 unused Assets to reduce memory usage. Loaded Objects now: 2368.
Total: 5.144400 ms (FindLiveObjects: 0.393500 ms CreateObjectMapping: 0.149200 ms MarkObjects: 3.692000 ms  DeleteObjects: 0.903700 ms)

AssetImportParameters requested are different than current active one (requested -> active):
  custom:framework-win-MediaFoundation: 216162199b28c13a410421893ffa2e32 -> 
  custom:video-decoder-ogg-theora: a1e56fd34408186e4bbccfd4996cb3dc -> 
  custom:container-muxer-webm: aa71ff27fc2769a1b78a27578f13a17b -> 
  custom:container-demuxer-webm: 4f35f7cbe854078d1ac9338744f61a02 -> 
  custom:container-demuxer-ogg: 62fdf1f143b41e24485cea50d1cbac27 -> 
  custom:video-encoder-webm-vp8: eb34c28f22e8b96e1ab97ce403110664 -> 
  custom:video-decoder-webm-vp8: 9c59270c3fd7afecdb556c50c9e8de78 -> 
  custom:audio-decoder-ogg-vorbis: bf7c407c2cedff20999df2af8eb42d56 -> 
  custom:audio-encoder-webm-vorbis: bf7c407c2cedff20999df2af8eb42d56 -> 
========================================================================
Received Import Request.
  Time since last request: 36.211062 seconds.
  path: Assets/Hyungsik/YHS/Scripts/Turnstile_Scripts/juhyeok/juhyeok_exit.cs
  artifactKey: Guid(4e1d72b2914c9d843800a439faceeb13) Importer(815301076,1909f56bfc062723c751e8b465ee728b)
Start importing Assets/Hyungsik/YHS/Scripts/Turnstile_Scripts/juhyeok/juhyeok_exit.cs using Guid(4e1d72b2914c9d843800a439faceeb13) Importer(815301076,1909f56bfc062723c751e8b465ee728b)  -> (artifact id: '408c7a801728127b98b35e4003d9f60f') in 0.028424 seconds 
  Import took 0.032939 seconds .

========================================================================
Received Import Request.
  Time since last request: 0.933752 seconds.
  path: Assets/Hyungsik/YHS/Scripts/Turnstile_Scripts/juhyeok/juhyeok_exit.cs
  artifactKey: Guid(4e1d72b2914c9d843800a439faceeb13) Importer(815301076,1909f56bfc062723c751e8b465ee728b)
Start importing Assets/Hyungsik/YHS/Scripts/Turnstile_Scripts/juhyeok/juhyeok_exit.cs using Guid(4e1d72b2914c9d843800a439faceeb13) Importer(815301076,1909f56bfc062723c751e8b465ee728b)  -> (artifact id: '408c7a801728127b98b35e4003d9f60f') in 0.005688 seconds 
  Import took 0.037521 seconds .

========================================================================
Received Import Request.
  Time since last request: 92.167642 seconds.
  path: Assets/Hyungsik/YHS/Scripts/Turnstile_Scripts/sungwoo/sungwoo_exit.cs
  artifactKey: Guid(2481114fbd62d0b4f979758bf155115a) Importer(815301076,1909f56bfc062723c751e8b465ee728b)
Start importing Assets/Hyungsik/YHS/Scripts/Turnstile_Scripts/sungwoo/sungwoo_exit.cs using Guid(2481114fbd62d0b4f979758bf155115a) Importer(815301076,1909f56bfc062723c751e8b465ee728b)  -> (artifact id: '152f2cb713f2657d38c1e01f6d2f0692') in 0.039405 seconds 
  Import took 0.044072 seconds .

========================================================================
Received Prepare
Registering precompiled user dll's ...
Registered in 0.005149 seconds.
Begin MonoManager ReloadAssembly
Native extension for WindowsStandalone target not found
Refreshing native plugins compatible for Editor in 1.37 ms, found 2 plugins.
Preloading 0 native plugins for Editor in 0.00 ms.
Mono: successfully reloaded assembly
- Completed reload, in  1.231 seconds
Platform modules already initialized, skipping
Refreshing native plugins compatible for Editor in 1.20 ms, found 2 plugins.
Preloading 0 native plugins for Editor in 0.00 ms.
Unloading 1721 Unused Serialized files (Serialized files now loaded: 0)
System memory in use before: 125.0 MB.
System memory in use after: 124.7 MB.

Unloading 16 unused Assets to reduce memory usage. Loaded Objects now: 2371.
Total: 3.210000 ms (FindLiveObjects: 0.196300 ms CreateObjectMapping: 0.073200 ms MarkObjects: 2.388800 ms  DeleteObjects: 0.550500 ms)

AssetImportParameters requested are different than current active one (requested -> active):
  custom:framework-win-MediaFoundation: 216162199b28c13a410421893ffa2e32 -> 
  custom:video-decoder-ogg-theora: a1e56fd34408186e4bbccfd4996cb3dc -> 
  custom:container-muxer-webm: aa71ff27fc2769a1b78a27578f13a17b -> 
  custom:container-demuxer-webm: 4f35f7cbe854078d1ac9338744f61a02 -> 
  custom:container-demuxer-ogg: 62fdf1f143b41e24485cea50d1cbac27 -> 
  custom:video-encoder-webm-vp8: eb34c28f22e8b96e1ab97ce403110664 -> 
  custom:video-decoder-webm-vp8: 9c59270c3fd7afecdb556c50c9e8de78 -> 
  custom:audio-decoder-ogg-vorbis: bf7c407c2cedff20999df2af8eb42d56 -> 
  custom:audio-encoder-webm-vorbis: bf7c407c2cedff20999df2af8eb42d56 -> 
========================================================================
Received Import Request.
  Time since last request: 12.389434 seconds.
  path: Assets/TextMesh Pro/Examples & Extras/Resources/Fonts & Materials/Oswald Bold SDF.asset
  artifactKey: Guid(0161d805a3764c089bef00bfe00793f5) Importer(815301076,1909f56bfc062723c751e8b465ee728b)
Start importing Assets/TextMesh Pro/Examples & Extras/Resources/Fonts & Materials/Oswald Bold SDF.asset using Guid(0161d805a3764c089bef00bfe00793f5) Importer(815301076,1909f56bfc062723c751e8b465ee728b)  -> (artifact id: '21c8220797489e345428130afb23452a') in 1.189223 seconds 
  Import took 1.194651 seconds .

========================================================================
Received Import Request.
  Time since last request: 0.000366 seconds.
  path: Assets/TextMesh Pro/Examples & Extras/Fonts/Oswald-Bold.ttf
  artifactKey: Guid(c9f6d0e7bc8541498c9a4799ba184ede) Importer(815301076,1909f56bfc062723c751e8b465ee728b)
Start importing Assets/TextMesh Pro/Examples & Extras/Fonts/Oswald-Bold.ttf using Guid(c9f6d0e7bc8541498c9a4799ba184ede) Importer(815301076,1909f56bfc062723c751e8b465ee728b)  -> (artifact id: '9b8e7a4cb41605d02ed27a9b4280738a') in 0.188882 seconds 
  Import took 0.193223 seconds .

========================================================================
Received Import Request.
  Time since last request: 0.000254 seconds.
  path: Assets/Hyungsik/Assets_From_Store/BarProps/Textures/WoodenSeats/WoodenSwivelStoolBacked/WoodenSwivelStoolBacked_WoodenSwivelStoolBacked-material_AlbedoTransparency.png
  artifactKey: Guid(03d581fb44990de45890aea860f722a5) Importer(815301076,1909f56bfc062723c751e8b465ee728b)
Start importing Assets/Hyungsik/Assets_From_Store/BarProps/Textures/WoodenSeats/WoodenSwivelStoolBacked/WoodenSwivelStoolBacked_WoodenSwivelStoolBacked-material_AlbedoTransparency.png using Guid(03d581fb44990de45890aea860f722a5) Importer(815301076,1909f56bfc062723c751e8b465ee728b)  -> (artifact id: 'f4f7c92779b5fa2e1248b88d5fa24492') in 0.488701 seconds 
  Import took 0.492669 seconds .

========================================================================
Received Prepare
Registering precompiled user dll's ...
Registered in 0.003210 seconds.
Begin MonoManager ReloadAssembly
Native extension for WindowsStandalone target not found
Refreshing native plugins compatible for Editor in 1.00 ms, found 2 plugins.
Preloading 0 native plugins for Editor in 0.00 ms.
Mono: successfully reloaded assembly
- Completed reload, in  1.748 seconds
Platform modules already initialized, skipping
Refreshing native plugins compatible for Editor in 1.21 ms, found 2 plugins.
Preloading 0 native plugins for Editor in 0.00 ms.
Unloading 1721 Unused Serialized files (Serialized files now loaded: 0)
System memory in use before: 125.1 MB.
System memory in use after: 124.8 MB.

Unloading 16 unused Assets to reduce memory usage. Loaded Objects now: 2380.
Total: 4.387400 ms (FindLiveObjects: 0.352600 ms CreateObjectMapping: 0.153900 ms MarkObjects: 2.997600 ms  DeleteObjects: 0.881400 ms)

AssetImportParameters requested are different than current active one (requested -> active):
  custom:framework-win-MediaFoundation: 216162199b28c13a410421893ffa2e32 -> 
  custom:video-decoder-ogg-theora: a1e56fd34408186e4bbccfd4996cb3dc -> 
  custom:container-muxer-webm: aa71ff27fc2769a1b78a27578f13a17b -> 
  custom:container-demuxer-webm: 4f35f7cbe854078d1ac9338744f61a02 -> 
  custom:container-demuxer-ogg: 62fdf1f143b41e24485cea50d1cbac27 -> 
  custom:video-encoder-webm-vp8: eb34c28f22e8b96e1ab97ce403110664 -> 
  custom:video-decoder-webm-vp8: 9c59270c3fd7afecdb556c50c9e8de78 -> 
  custom:audio-decoder-ogg-vorbis: bf7c407c2cedff20999df2af8eb42d56 -> 
  custom:audio-encoder-webm-vorbis: bf7c407c2cedff20999df2af8eb42d56 -> 
========================================================================
Received Import Request.
  Time since last request: 62.979338 seconds.
  path: Assets/sungwoo/SW_keyscript.cs
  artifactKey: Guid(4b6c1517a602c16429993bf1d6d5d12a) Importer(815301076,1909f56bfc062723c751e8b465ee728b)
Start importing Assets/sungwoo/SW_keyscript.cs using Guid(4b6c1517a602c16429993bf1d6d5d12a) Importer(815301076,1909f56bfc062723c751e8b465ee728b)  -> (artifact id: 'd36bd4b3e0db3fea8245fb3d838e1d87') in 0.017245 seconds 
  Import took 0.022676 seconds .

========================================================================
Received Import Request.
  Time since last request: 1.674625 seconds.
  path: Assets/sungwoo/SW_keyscript.cs
  artifactKey: Guid(4b6c1517a602c16429993bf1d6d5d12a) Importer(815301076,1909f56bfc062723c751e8b465ee728b)
Start importing Assets/sungwoo/SW_keyscript.cs using Guid(4b6c1517a602c16429993bf1d6d5d12a) Importer(815301076,1909f56bfc062723c751e8b465ee728b)  -> (artifact id: 'd36bd4b3e0db3fea8245fb3d838e1d87') in 0.009906 seconds 
  Import took 0.015144 seconds .

========================================================================
Received Prepare
Registering precompiled user dll's ...
Registered in 0.264721 seconds.
Begin MonoManager ReloadAssembly
Native extension for WindowsStandalone target not found
Refreshing native plugins compatible for Editor in 1.40 ms, found 2 plugins.
Preloading 0 native plugins for Editor in 0.00 ms.
Mono: successfully reloaded assembly
- Completed reload, in  1.611 seconds
Platform modules already initialized, skipping
Refreshing native plugins compatible for Editor in 1.20 ms, found 2 plugins.
Preloading 0 native plugins for Editor in 0.00 ms.
Unloading 1721 Unused Serialized files (Serialized files now loaded: 0)
System memory in use before: 125.1 MB.
System memory in use after: 124.8 MB.

Unloading 16 unused Assets to reduce memory usage. Loaded Objects now: 2383.
Total: 4.173300 ms (FindLiveObjects: 0.351200 ms CreateObjectMapping: 0.178300 ms MarkObjects: 2.712900 ms  DeleteObjects: 0.928700 ms)

AssetImportParameters requested are different than current active one (requested -> active):
  custom:framework-win-MediaFoundation: 216162199b28c13a410421893ffa2e32 -> 
  custom:video-decoder-ogg-theora: a1e56fd34408186e4bbccfd4996cb3dc -> 
  custom:container-muxer-webm: aa71ff27fc2769a1b78a27578f13a17b -> 
  custom:container-demuxer-webm: 4f35f7cbe854078d1ac9338744f61a02 -> 
  custom:container-demuxer-ogg: 62fdf1f143b41e24485cea50d1cbac27 -> 
  custom:video-encoder-webm-vp8: eb34c28f22e8b96e1ab97ce403110664 -> 
  custom:video-decoder-webm-vp8: 9c59270c3fd7afecdb556c50c9e8de78 -> 
  custom:audio-decoder-ogg-vorbis: bf7c407c2cedff20999df2af8eb42d56 -> 
  custom:audio-encoder-webm-vorbis: bf7c407c2cedff20999df2af8eb42d56 -> 
========================================================================
Received Import Request.
  Time since last request: 1495.047004 seconds.
  path: Assets/Hyungsik/YHS/Scripts/Turnstile_Scripts/Yohan/Yohan_exit.cs
  artifactKey: Guid(3ce9d301b2784bd469f3864daa5f8212) Importer(815301076,1909f56bfc062723c751e8b465ee728b)
Start importing Assets/Hyungsik/YHS/Scripts/Turnstile_Scripts/Yohan/Yohan_exit.cs using Guid(3ce9d301b2784bd469f3864daa5f8212) Importer(815301076,1909f56bfc062723c751e8b465ee728b)  -> (artifact id: '2c6edf26cbf7b38c005a9f7f8b211903') in 0.011919 seconds 
  Import took 0.017091 seconds .

========================================================================
Received Prepare
Registering precompiled user dll's ...
Registered in 0.005574 seconds.
Begin MonoManager ReloadAssembly
Native extension for WindowsStandalone target not found
Refreshing native plugins compatible for Editor in 2.06 ms, found 2 plugins.
Preloading 0 native plugins for Editor in 0.00 ms.
Mono: successfully reloaded assembly
- Completed reload, in  1.582 seconds
Platform modules already initialized, skipping
Refreshing native plugins compatible for Editor in 1.69 ms, found 2 plugins.
Preloading 0 native plugins for Editor in 0.00 ms.
Unloading 1721 Unused Serialized files (Serialized files now loaded: 0)
System memory in use before: 125.1 MB.
System memory in use after: 124.8 MB.

Unloading 16 unused Assets to reduce memory usage. Loaded Objects now: 2386.
Total: 4.412700 ms (FindLiveObjects: 0.318500 ms CreateObjectMapping: 0.122400 ms MarkObjects: 2.877800 ms  DeleteObjects: 1.091900 ms)

AssetImportParameters requested are different than current active one (requested -> active):
  custom:framework-win-MediaFoundation: 216162199b28c13a410421893ffa2e32 -> 
  custom:video-decoder-ogg-theora: a1e56fd34408186e4bbccfd4996cb3dc -> 
  custom:container-muxer-webm: aa71ff27fc2769a1b78a27578f13a17b -> 
  custom:container-demuxer-webm: 4f35f7cbe854078d1ac9338744f61a02 -> 
  custom:container-demuxer-ogg: 62fdf1f143b41e24485cea50d1cbac27 -> 
  custom:video-encoder-webm-vp8: eb34c28f22e8b96e1ab97ce403110664 -> 
  custom:video-decoder-webm-vp8: 9c59270c3fd7afecdb556c50c9e8de78 -> 
  custom:audio-decoder-ogg-vorbis: bf7c407c2cedff20999df2af8eb42d56 -> 
  custom:audio-encoder-webm-vorbis: bf7c407c2cedff20999df2af8eb42d56 -> 
========================================================================
Received Prepare
Registering precompiled user dll's ...
Registered in 0.004282 seconds.
Begin MonoManager ReloadAssembly
Native extension for WindowsStandalone target not found
Refreshing native plugins compatible for Editor in 1.31 ms, found 2 plugins.
Preloading 0 native plugins for Editor in 0.00 ms.
Mono: successfully reloaded assembly
- Completed reload, in  2.036 seconds
Platform modules already initialized, skipping
Refreshing native plugins compatible for Editor in 1.26 ms, found 2 plugins.
Preloading 0 native plugins for Editor in 0.00 ms.
Unloading 1721 Unused Serialized files (Serialized files now loaded: 0)
System memory in use before: 125.1 MB.
System memory in use after: 124.8 MB.

Unloading 16 unused Assets to reduce memory usage. Loaded Objects now: 2389.
Total: 4.064400 ms (FindLiveObjects: 0.295200 ms CreateObjectMapping: 0.114500 ms MarkObjects: 2.810300 ms  DeleteObjects: 0.842500 ms)

AssetImportParameters requested are different than current active one (requested -> active):
  custom:framework-win-MediaFoundation: 216162199b28c13a410421893ffa2e32 -> 
  custom:video-decoder-ogg-theora: a1e56fd34408186e4bbccfd4996cb3dc -> 
  custom:container-muxer-webm: aa71ff27fc2769a1b78a27578f13a17b -> 
  custom:container-demuxer-webm: 4f35f7cbe854078d1ac9338744f61a02 -> 
  custom:container-demuxer-ogg: 62fdf1f143b41e24485cea50d1cbac27 -> 
  custom:video-encoder-webm-vp8: eb34c28f22e8b96e1ab97ce403110664 -> 
  custom:video-decoder-webm-vp8: 9c59270c3fd7afecdb556c50c9e8de78 -> 
  custom:audio-decoder-ogg-vorbis: bf7c407c2cedff20999df2af8eb42d56 -> 
  custom:audio-encoder-webm-vorbis: bf7c407c2cedff20999df2af8eb42d56 -> 
========================================================================
Received Prepare
Registering precompiled user dll's ...
Registered in 0.005987 seconds.
Begin MonoManager ReloadAssembly
Native extension for WindowsStandalone target not found
Refreshing native plugins compatible for Editor in 1.45 ms, found 2 plugins.
Preloading 0 native plugins for Editor in 0.00 ms.
Mono: successfully reloaded assembly
- Completed reload, in  2.037 seconds
Platform modules already initialized, skipping
Refreshing native plugins compatible for Editor in 2.12 ms, found 2 plugins.
Preloading 0 native plugins for Editor in 0.00 ms.
Unloading 1721 Unused Serialized files (Serialized files now loaded: 0)
System memory in use before: 125.1 MB.
System memory in use after: 124.8 MB.

Unloading 16 unused Assets to reduce memory usage. Loaded Objects now: 2392.
Total: 4.465900 ms (FindLiveObjects: 0.355600 ms CreateObjectMapping: 0.136100 ms MarkObjects: 3.127900 ms  DeleteObjects: 0.844600 ms)

AssetImportParameters requested are different than current active one (requested -> active):
  custom:framework-win-MediaFoundation: 216162199b28c13a410421893ffa2e32 -> 
  custom:video-decoder-ogg-theora: a1e56fd34408186e4bbccfd4996cb3dc -> 
  custom:container-muxer-webm: aa71ff27fc2769a1b78a27578f13a17b -> 
  custom:container-demuxer-webm: 4f35f7cbe854078d1ac9338744f61a02 -> 
  custom:container-demuxer-ogg: 62fdf1f143b41e24485cea50d1cbac27 -> 
  custom:video-encoder-webm-vp8: eb34c28f22e8b96e1ab97ce403110664 -> 
  custom:video-decoder-webm-vp8: 9c59270c3fd7afecdb556c50c9e8de78 -> 
  custom:audio-decoder-ogg-vorbis: bf7c407c2cedff20999df2af8eb42d56 -> 
  custom:audio-encoder-webm-vorbis: bf7c407c2cedff20999df2af8eb42d56 -> 
========================================================================
Received Prepare
Registering precompiled user dll's ...
Registered in 0.005345 seconds.
Begin MonoManager ReloadAssembly
Native extension for WindowsStandalone target not found
Refreshing native plugins compatible for Editor in 0.82 ms, found 2 plugins.
Preloading 0 native plugins for Editor in 0.00 ms.
Mono: successfully reloaded assembly
- Completed reload, in  1.832 seconds
Platform modules already initialized, skipping
Refreshing native plugins compatible for Editor in 1.21 ms, found 2 plugins.
Preloading 0 native plugins for Editor in 0.00 ms.
Unloading 1721 Unused Serialized files (Serialized files now loaded: 0)
System memory in use before: 125.2 MB.
System memory in use after: 124.8 MB.

Unloading 16 unused Assets to reduce memory usage. Loaded Objects now: 2395.
Total: 4.046600 ms (FindLiveObjects: 0.311200 ms CreateObjectMapping: 0.119800 ms MarkObjects: 2.770100 ms  DeleteObjects: 0.843200 ms)

AssetImportParameters requested are different than current active one (requested -> active):
  custom:framework-win-MediaFoundation: 216162199b28c13a410421893ffa2e32 -> 
  custom:video-decoder-ogg-theora: a1e56fd34408186e4bbccfd4996cb3dc -> 
  custom:container-muxer-webm: aa71ff27fc2769a1b78a27578f13a17b -> 
  custom:container-demuxer-webm: 4f35f7cbe854078d1ac9338744f61a02 -> 
  custom:container-demuxer-ogg: 62fdf1f143b41e24485cea50d1cbac27 -> 
  custom:video-encoder-webm-vp8: eb34c28f22e8b96e1ab97ce403110664 -> 
  custom:video-decoder-webm-vp8: 9c59270c3fd7afecdb556c50c9e8de78 -> 
  custom:audio-decoder-ogg-vorbis: bf7c407c2cedff20999df2af8eb42d56 -> 
  custom:audio-encoder-webm-vorbis: bf7c407c2cedff20999df2af8eb42d56 -> 
========================================================================
Received Prepare
Registering precompiled user dll's ...
Registered in 0.398896 seconds.
Begin MonoManager ReloadAssembly
Native extension for WindowsStandalone target not found
Refreshing native plugins compatible for Editor in 1.35 ms, found 2 plugins.
Preloading 0 native plugins for Editor in 0.00 ms.
Mono: successfully reloaded assembly
- Completed reload, in  1.693 seconds
Platform modules already initialized, skipping
Refreshing native plugins compatible for Editor in 1.63 ms, found 2 plugins.
Preloading 0 native plugins for Editor in 0.00 ms.
Unloading 1721 Unused Serialized files (Serialized files now loaded: 0)
System memory in use before: 125.2 MB.
System memory in use after: 124.9 MB.

Unloading 16 unused Assets to reduce memory usage. Loaded Objects now: 2398.
Total: 50.309200 ms (FindLiveObjects: 6.247900 ms CreateObjectMapping: 11.714700 ms MarkObjects: 31.259300 ms  DeleteObjects: 1.084100 ms)

AssetImportParameters requested are different than current active one (requested -> active):
  custom:framework-win-MediaFoundation: 216162199b28c13a410421893ffa2e32 -> 
  custom:video-decoder-ogg-theora: a1e56fd34408186e4bbccfd4996cb3dc -> 
  custom:container-muxer-webm: aa71ff27fc2769a1b78a27578f13a17b -> 
  custom:container-demuxer-webm: 4f35f7cbe854078d1ac9338744f61a02 -> 
  custom:container-demuxer-ogg: 62fdf1f143b41e24485cea50d1cbac27 -> 
  custom:video-encoder-webm-vp8: eb34c28f22e8b96e1ab97ce403110664 -> 
  custom:video-decoder-webm-vp8: 9c59270c3fd7afecdb556c50c9e8de78 -> 
  custom:audio-decoder-ogg-vorbis: bf7c407c2cedff20999df2af8eb42d56 -> 
  custom:audio-encoder-webm-vorbis: bf7c407c2cedff20999df2af8eb42d56 -> 
========================================================================
Received Import Request.
  Time since last request: 1181.598739 seconds.
  path: Assets/Keunwoo/GWkey_script.cs
  artifactKey: Guid(b7c4a7a86b3960843bfefe165f528bc3) Importer(815301076,1909f56bfc062723c751e8b465ee728b)
Start importing Assets/Keunwoo/GWkey_script.cs using Guid(b7c4a7a86b3960843bfefe165f528bc3) Importer(815301076,1909f56bfc062723c751e8b465ee728b)  -> (artifact id: '41db8dd9c639e19b875f2909dc747edf') in 0.121925 seconds 
  Import took 0.186184 seconds .

========================================================================
Received Prepare
Registering precompiled user dll's ...
Registered in 0.005465 seconds.
Begin MonoManager ReloadAssembly
Native extension for WindowsStandalone target not found
Refreshing native plugins compatible for Editor in 0.95 ms, found 2 plugins.
Preloading 0 native plugins for Editor in 0.00 ms.
Mono: successfully reloaded assembly
- Completed reload, in  1.667 seconds
Platform modules already initialized, skipping
Refreshing native plugins compatible for Editor in 1.43 ms, found 2 plugins.
Preloading 0 native plugins for Editor in 0.00 ms.
Unloading 1721 Unused Serialized files (Serialized files now loaded: 0)
System memory in use before: 125.2 MB.
System memory in use after: 124.9 MB.

Unloading 16 unused Assets to reduce memory usage. Loaded Objects now: 2401.
Total: 4.726100 ms (FindLiveObjects: 0.217800 ms CreateObjectMapping: 0.081900 ms MarkObjects: 3.778000 ms  DeleteObjects: 0.646200 ms)

AssetImportParameters requested are different than current active one (requested -> active):
  custom:framework-win-MediaFoundation: 216162199b28c13a410421893ffa2e32 -> 
  custom:video-decoder-ogg-theora: a1e56fd34408186e4bbccfd4996cb3dc -> 
  custom:container-muxer-webm: aa71ff27fc2769a1b78a27578f13a17b -> 
  custom:container-demuxer-webm: 4f35f7cbe854078d1ac9338744f61a02 -> 
  custom:container-demuxer-ogg: 62fdf1f143b41e24485cea50d1cbac27 -> 
  custom:video-encoder-webm-vp8: eb34c28f22e8b96e1ab97ce403110664 -> 
  custom:video-decoder-webm-vp8: 9c59270c3fd7afecdb556c50c9e8de78 -> 
  custom:audio-decoder-ogg-vorbis: bf7c407c2cedff20999df2af8eb42d56 -> 
  custom:audio-encoder-webm-vorbis: bf7c407c2cedff20999df2af8eb42d56 -> 
========================================================================
Received Prepare
Registering precompiled user dll's ...
Registered in 0.008870 seconds.
Begin MonoManager ReloadAssembly
Native extension for WindowsStandalone target not found
Refreshing native plugins compatible for Editor in 1.29 ms, found 2 plugins.
Preloading 0 native plugins for Editor in 0.00 ms.
Mono: successfully reloaded assembly
- Completed reload, in  1.909 seconds
Platform modules already initialized, skipping
Refreshing native plugins compatible for Editor in 6.11 ms, found 2 plugins.
Preloading 0 native plugins for Editor in 0.00 ms.
Unloading 1721 Unused Serialized files (Serialized files now loaded: 0)
System memory in use before: 125.2 MB.
System memory in use after: 124.9 MB.

Unloading 16 unused Assets to reduce memory usage. Loaded Objects now: 2404.
Total: 50.603100 ms (FindLiveObjects: 2.530100 ms CreateObjectMapping: 0.125800 ms MarkObjects: 43.702700 ms  DeleteObjects: 4.204800 ms)

AssetImportParameters requested are different than current active one (requested -> active):
  custom:framework-win-MediaFoundation: 216162199b28c13a410421893ffa2e32 -> 
  custom:video-decoder-ogg-theora: a1e56fd34408186e4bbccfd4996cb3dc -> 
  custom:container-muxer-webm: aa71ff27fc2769a1b78a27578f13a17b -> 
  custom:container-demuxer-webm: 4f35f7cbe854078d1ac9338744f61a02 -> 
  custom:container-demuxer-ogg: 62fdf1f143b41e24485cea50d1cbac27 -> 
  custom:video-encoder-webm-vp8: eb34c28f22e8b96e1ab97ce403110664 -> 
  custom:video-decoder-webm-vp8: 9c59270c3fd7afecdb556c50c9e8de78 -> 
  custom:audio-decoder-ogg-vorbis: bf7c407c2cedff20999df2af8eb42d56 -> 
  custom:audio-encoder-webm-vorbis: bf7c407c2cedff20999df2af8eb42d56 -> 
========================================================================
Received Import Request.
  Time since last request: 263.315284 seconds.
  path: Assets/Keunwoo/GWkey_script.cs
  artifactKey: Guid(b7c4a7a86b3960843bfefe165f528bc3) Importer(815301076,1909f56bfc062723c751e8b465ee728b)
Start importing Assets/Keunwoo/GWkey_script.cs using Guid(b7c4a7a86b3960843bfefe165f528bc3) Importer(815301076,1909f56bfc062723c751e8b465ee728b)  -> (artifact id: '635071fe06e1125ed7446831ffc1202c') in 0.117448 seconds 
  Import took 0.122261 seconds .

========================================================================
Received Import Request.
  Time since last request: 0.320156 seconds.
  path: Assets/Keunwoo/GWkey_script.cs
  artifactKey: Guid(b7c4a7a86b3960843bfefe165f528bc3) Importer(815301076,1909f56bfc062723c751e8b465ee728b)
Start importing Assets/Keunwoo/GWkey_script.cs using Guid(b7c4a7a86b3960843bfefe165f528bc3) Importer(815301076,1909f56bfc062723c751e8b465ee728b)  -> (artifact id: '635071fe06e1125ed7446831ffc1202c') in 0.006066 seconds 
  Import took 0.013850 seconds .

========================================================================
Received Prepare
Registering precompiled user dll's ...
Registered in 1.695905 seconds.
Begin MonoManager ReloadAssembly
Native extension for WindowsStandalone target not found
Refreshing native plugins compatible for Editor in 3.01 ms, found 2 plugins.
Preloading 0 native plugins for Editor in 0.00 ms.
Mono: successfully reloaded assembly
- Completed reload, in  4.434 seconds
Platform modules already initialized, skipping
Refreshing native plugins compatible for Editor in 1.70 ms, found 2 plugins.
Preloading 0 native plugins for Editor in 0.00 ms.
Unloading 1721 Unused Serialized files (Serialized files now loaded: 0)
System memory in use before: 125.2 MB.
System memory in use after: 124.9 MB.

Unloading 16 unused Assets to reduce memory usage. Loaded Objects now: 2407.
Total: 11.700400 ms (FindLiveObjects: 0.389500 ms CreateObjectMapping: 0.154000 ms MarkObjects: 7.685600 ms  DeleteObjects: 3.468900 ms)

AssetImportParameters requested are different than current active one (requested -> active):
  custom:framework-win-MediaFoundation: 216162199b28c13a410421893ffa2e32 -> 
  custom:video-decoder-ogg-theora: a1e56fd34408186e4bbccfd4996cb3dc -> 
  custom:container-muxer-webm: aa71ff27fc2769a1b78a27578f13a17b -> 
  custom:container-demuxer-webm: 4f35f7cbe854078d1ac9338744f61a02 -> 
  custom:container-demuxer-ogg: 62fdf1f143b41e24485cea50d1cbac27 -> 
  custom:video-encoder-webm-vp8: eb34c28f22e8b96e1ab97ce403110664 -> 
  custom:video-decoder-webm-vp8: 9c59270c3fd7afecdb556c50c9e8de78 -> 
  custom:audio-decoder-ogg-vorbis: bf7c407c2cedff20999df2af8eb42d56 -> 
  custom:audio-encoder-webm-vorbis: bf7c407c2cedff20999df2af8eb42d56 -> 
========================================================================
Received Prepare
Registering precompiled user dll's ...
Registered in 0.004155 seconds.
Begin MonoManager ReloadAssembly
Native extension for WindowsStandalone target not found
Refreshing native plugins compatible for Editor in 0.69 ms, found 2 plugins.
Preloading 0 native plugins for Editor in 0.00 ms.
Mono: successfully reloaded assembly
- Completed reload, in  1.552 seconds
Platform modules already initialized, skipping
Refreshing native plugins compatible for Editor in 1.20 ms, found 2 plugins.
Preloading 0 native plugins for Editor in 0.00 ms.
Unloading 1721 Unused Serialized files (Serialized files now loaded: 0)
System memory in use before: 125.2 MB.
System memory in use after: 124.9 MB.

Unloading 16 unused Assets to reduce memory usage. Loaded Objects now: 2410.
Total: 4.646800 ms (FindLiveObjects: 0.232500 ms CreateObjectMapping: 0.085800 ms MarkObjects: 3.146700 ms  DeleteObjects: 1.179900 ms)

AssetImportParameters requested are different than current active one (requested -> active):
  custom:framework-win-MediaFoundation: 216162199b28c13a410421893ffa2e32 -> 
  custom:video-decoder-ogg-theora: a1e56fd34408186e4bbccfd4996cb3dc -> 
  custom:container-muxer-webm: aa71ff27fc2769a1b78a27578f13a17b -> 
  custom:container-demuxer-webm: 4f35f7cbe854078d1ac9338744f61a02 -> 
  custom:container-demuxer-ogg: 62fdf1f143b41e24485cea50d1cbac27 -> 
  custom:video-encoder-webm-vp8: eb34c28f22e8b96e1ab97ce403110664 -> 
  custom:video-decoder-webm-vp8: 9c59270c3fd7afecdb556c50c9e8de78 -> 
  custom:audio-decoder-ogg-vorbis: bf7c407c2cedff20999df2af8eb42d56 -> 
  custom:audio-encoder-webm-vorbis: bf7c407c2cedff20999df2af8eb42d56 -> 
========================================================================
Received Import Request.
  Time since last request: 6494.166554 seconds.
  path: Assets/Keunwoo/GWkey_script.cs
  artifactKey: Guid(b7c4a7a86b3960843bfefe165f528bc3) Importer(815301076,1909f56bfc062723c751e8b465ee728b)
Start importing Assets/Keunwoo/GWkey_script.cs using Guid(b7c4a7a86b3960843bfefe165f528bc3) Importer(815301076,1909f56bfc062723c751e8b465ee728b)  -> (artifact id: 'fc090dd02b218bbd75b00a704eb9034c') in 0.006005 seconds 
  Import took 0.010948 seconds .

========================================================================
Received Import Request.
  Time since last request: 2.990147 seconds.
  path: Assets/Keunwoo/GWkey_script.cs
  artifactKey: Guid(b7c4a7a86b3960843bfefe165f528bc3) Importer(815301076,1909f56bfc062723c751e8b465ee728b)
Start importing Assets/Keunwoo/GWkey_script.cs using Guid(b7c4a7a86b3960843bfefe165f528bc3) Importer(815301076,1909f56bfc062723c751e8b465ee728b)  -> (artifact id: 'fc090dd02b218bbd75b00a704eb9034c') in 0.002874 seconds 
  Import took 0.006385 seconds .

========================================================================
Received Prepare
Registering precompiled user dll's ...
Registered in 0.008439 seconds.
Begin MonoManager ReloadAssembly
Native extension for WindowsStandalone target not found
Refreshing native plugins compatible for Editor in 1.08 ms, found 2 plugins.
Preloading 0 native plugins for Editor in 0.00 ms.
Mono: successfully reloaded assembly
- Completed reload, in  1.711 seconds
Platform modules already initialized, skipping
Refreshing native plugins compatible for Editor in 1.22 ms, found 2 plugins.
Preloading 0 native plugins for Editor in 0.00 ms.
Unloading 1721 Unused Serialized files (Serialized files now loaded: 0)
System memory in use before: 125.2 MB.
System memory in use after: 124.9 MB.

Unloading 16 unused Assets to reduce memory usage. Loaded Objects now: 2413.
Total: 4.383300 ms (FindLiveObjects: 0.445100 ms CreateObjectMapping: 0.248400 ms MarkObjects: 2.800000 ms  DeleteObjects: 0.888200 ms)

AssetImportParameters requested are different than current active one (requested -> active):
  custom:framework-win-MediaFoundation: 216162199b28c13a410421893ffa2e32 -> 
  custom:video-decoder-ogg-theora: a1e56fd34408186e4bbccfd4996cb3dc -> 
  custom:container-muxer-webm: aa71ff27fc2769a1b78a27578f13a17b -> 
  custom:container-demuxer-webm: 4f35f7cbe854078d1ac9338744f61a02 -> 
  custom:container-demuxer-ogg: 62fdf1f143b41e24485cea50d1cbac27 -> 
  custom:video-encoder-webm-vp8: eb34c28f22e8b96e1ab97ce403110664 -> 
  custom:video-decoder-webm-vp8: 9c59270c3fd7afecdb556c50c9e8de78 -> 
  custom:audio-decoder-ogg-vorbis: bf7c407c2cedff20999df2af8eb42d56 -> 
  custom:audio-encoder-webm-vorbis: bf7c407c2cedff20999df2af8eb42d56 -> 
========================================================================
Received Import Request.
  Time since last request: 107.702066 seconds.
  path: Assets/Keunwoo/GWkey_script.cs
  artifactKey: Guid(b7c4a7a86b3960843bfefe165f528bc3) Importer(815301076,1909f56bfc062723c751e8b465ee728b)
Start importing Assets/Keunwoo/GWkey_script.cs using Guid(b7c4a7a86b3960843bfefe165f528bc3) Importer(815301076,1909f56bfc062723c751e8b465ee728b)  -> (artifact id: '9b234a99a74682213116f738b2dc8b84') in 0.027185 seconds 
  Import took 0.032161 seconds .

========================================================================
Received Prepare
Registering precompiled user dll's ...
Registered in 0.005993 seconds.
Begin MonoManager ReloadAssembly
Native extension for WindowsStandalone target not found
Refreshing native plugins compatible for Editor in 0.74 ms, found 2 plugins.
Preloading 0 native plugins for Editor in 0.00 ms.
Mono: successfully reloaded assembly
- Completed reload, in  1.781 seconds
Platform modules already initialized, skipping
Refreshing native plugins compatible for Editor in 1.12 ms, found 2 plugins.
Preloading 0 native plugins for Editor in 0.00 ms.
Unloading 1721 Unused Serialized files (Serialized files now loaded: 0)
System memory in use before: 125.2 MB.
System memory in use after: 124.9 MB.

Unloading 16 unused Assets to reduce memory usage. Loaded Objects now: 2416.
Total: 3.161900 ms (FindLiveObjects: 0.189500 ms CreateObjectMapping: 0.068500 ms MarkObjects: 2.301900 ms  DeleteObjects: 0.600200 ms)

AssetImportParameters requested are different than current active one (requested -> active):
  custom:framework-win-MediaFoundation: 216162199b28c13a410421893ffa2e32 -> 
  custom:video-decoder-ogg-theora: a1e56fd34408186e4bbccfd4996cb3dc -> 
  custom:container-muxer-webm: aa71ff27fc2769a1b78a27578f13a17b -> 
  custom:container-demuxer-webm: 4f35f7cbe854078d1ac9338744f61a02 -> 
  custom:container-demuxer-ogg: 62fdf1f143b41e24485cea50d1cbac27 -> 
  custom:video-encoder-webm-vp8: eb34c28f22e8b96e1ab97ce403110664 -> 
  custom:video-decoder-webm-vp8: 9c59270c3fd7afecdb556c50c9e8de78 -> 
  custom:audio-decoder-ogg-vorbis: bf7c407c2cedff20999df2af8eb42d56 -> 
  custom:audio-encoder-webm-vorbis: bf7c407c2cedff20999df2af8eb42d56 -> 
========================================================================
Received Prepare
Registering precompiled user dll's ...
Registered in 0.003165 seconds.
Begin MonoManager ReloadAssembly
Native extension for WindowsStandalone target not found
Refreshing native plugins compatible for Editor in 0.69 ms, found 2 plugins.
Preloading 0 native plugins for Editor in 0.00 ms.
Mono: successfully reloaded assembly
- Completed reload, in  1.878 seconds
Platform modules already initialized, skipping
Refreshing native plugins compatible for Editor in 1.31 ms, found 2 plugins.
Preloading 0 native plugins for Editor in 0.00 ms.
Unloading 1721 Unused Serialized files (Serialized files now loaded: 0)
System memory in use before: 125.2 MB.
System memory in use after: 124.9 MB.

Unloading 16 unused Assets to reduce memory usage. Loaded Objects now: 2419.
Total: 4.248500 ms (FindLiveObjects: 0.413800 ms CreateObjectMapping: 0.185100 ms MarkObjects: 2.815100 ms  DeleteObjects: 0.833000 ms)

AssetImportParameters requested are different than current active one (requested -> active):
  custom:framework-win-MediaFoundation: 216162199b28c13a410421893ffa2e32 -> 
  custom:video-decoder-ogg-theora: a1e56fd34408186e4bbccfd4996cb3dc -> 
  custom:container-muxer-webm: aa71ff27fc2769a1b78a27578f13a17b -> 
  custom:container-demuxer-webm: 4f35f7cbe854078d1ac9338744f61a02 -> 
  custom:container-demuxer-ogg: 62fdf1f143b41e24485cea50d1cbac27 -> 
  custom:video-encoder-webm-vp8: eb34c28f22e8b96e1ab97ce403110664 -> 
  custom:video-decoder-webm-vp8: 9c59270c3fd7afecdb556c50c9e8de78 -> 
  custom:audio-decoder-ogg-vorbis: bf7c407c2cedff20999df2af8eb42d56 -> 
  custom:audio-encoder-webm-vorbis: bf7c407c2cedff20999df2af8eb42d56 -> 
========================================================================
Received Prepare
Registering precompiled user dll's ...
Registered in 0.005124 seconds.
Begin MonoManager ReloadAssembly
Native extension for WindowsStandalone target not found
Refreshing native plugins compatible for Editor in 1.01 ms, found 2 plugins.
Preloading 0 native plugins for Editor in 0.00 ms.
Mono: successfully reloaded assembly
- Completed reload, in  1.369 seconds
Platform modules already initialized, skipping
Refreshing native plugins compatible for Editor in 0.94 ms, found 2 plugins.
Preloading 0 native plugins for Editor in 0.00 ms.
Unloading 1721 Unused Serialized files (Serialized files now loaded: 0)
System memory in use before: 125.2 MB.
System memory in use after: 124.9 MB.

Unloading 16 unused Assets to reduce memory usage. Loaded Objects now: 2422.
Total: 4.314900 ms (FindLiveObjects: 0.322400 ms CreateObjectMapping: 0.135000 ms MarkObjects: 2.957400 ms  DeleteObjects: 0.898100 ms)

AssetImportParameters requested are different than current active one (requested -> active):
  custom:framework-win-MediaFoundation: 216162199b28c13a410421893ffa2e32 -> 
  custom:video-decoder-ogg-theora: a1e56fd34408186e4bbccfd4996cb3dc -> 
  custom:container-muxer-webm: aa71ff27fc2769a1b78a27578f13a17b -> 
  custom:container-demuxer-webm: 4f35f7cbe854078d1ac9338744f61a02 -> 
  custom:container-demuxer-ogg: 62fdf1f143b41e24485cea50d1cbac27 -> 
  custom:video-encoder-webm-vp8: eb34c28f22e8b96e1ab97ce403110664 -> 
  custom:video-decoder-webm-vp8: 9c59270c3fd7afecdb556c50c9e8de78 -> 
  custom:audio-decoder-ogg-vorbis: bf7c407c2cedff20999df2af8eb42d56 -> 
  custom:audio-encoder-webm-vorbis: bf7c407c2cedff20999df2af8eb42d56 -> 
========================================================================
Received Prepare
Registering precompiled user dll's ...
Registered in 0.010965 seconds.
Begin MonoManager ReloadAssembly
Native extension for WindowsStandalone target not found
Refreshing native plugins compatible for Editor in 0.71 ms, found 2 plugins.
Preloading 0 native plugins for Editor in 0.00 ms.
Mono: successfully reloaded assembly
- Completed reload, in  1.738 seconds
Platform modules already initialized, skipping
Refreshing native plugins compatible for Editor in 1.60 ms, found 2 plugins.
Preloading 0 native plugins for Editor in 0.00 ms.
Unloading 1721 Unused Serialized files (Serialized files now loaded: 0)
System memory in use before: 125.2 MB.
System memory in use after: 124.9 MB.

Unloading 16 unused Assets to reduce memory usage. Loaded Objects now: 2425.
Total: 7.169500 ms (FindLiveObjects: 0.333500 ms CreateObjectMapping: 1.437900 ms MarkObjects: 4.166000 ms  DeleteObjects: 1.229900 ms)

AssetImportParameters requested are different than current active one (requested -> active):
  custom:framework-win-MediaFoundation: 216162199b28c13a410421893ffa2e32 -> 
  custom:video-decoder-ogg-theora: a1e56fd34408186e4bbccfd4996cb3dc -> 
  custom:container-muxer-webm: aa71ff27fc2769a1b78a27578f13a17b -> 
  custom:container-demuxer-webm: 4f35f7cbe854078d1ac9338744f61a02 -> 
  custom:container-demuxer-ogg: 62fdf1f143b41e24485cea50d1cbac27 -> 
  custom:video-encoder-webm-vp8: eb34c28f22e8b96e1ab97ce403110664 -> 
  custom:video-decoder-webm-vp8: 9c59270c3fd7afecdb556c50c9e8de78 -> 
  custom:audio-decoder-ogg-vorbis: bf7c407c2cedff20999df2af8eb42d56 -> 
  custom:audio-encoder-webm-vorbis: bf7c407c2cedff20999df2af8eb42d56 -> 
========================================================================
Received Prepare
Registering precompiled user dll's ...
Registered in 0.005868 seconds.
Begin MonoManager ReloadAssembly
Native extension for WindowsStandalone target not found
Refreshing native plugins compatible for Editor in 0.70 ms, found 2 plugins.
Preloading 0 native plugins for Editor in 0.00 ms.
Mono: successfully reloaded assembly
- Completed reload, in  1.562 seconds
Platform modules already initialized, skipping
Refreshing native plugins compatible for Editor in 4.17 ms, found 2 plugins.
Preloading 0 native plugins for Editor in 0.00 ms.
Unloading 1721 Unused Serialized files (Serialized files now loaded: 0)
System memory in use before: 125.2 MB.
System memory in use after: 124.9 MB.

Unloading 16 unused Assets to reduce memory usage. Loaded Objects now: 2428.
Total: 5.344500 ms (FindLiveObjects: 0.642700 ms CreateObjectMapping: 0.208700 ms MarkObjects: 3.440600 ms  DeleteObjects: 1.050700 ms)

AssetImportParameters requested are different than current active one (requested -> active):
  custom:framework-win-MediaFoundation: 216162199b28c13a410421893ffa2e32 -> 
  custom:video-decoder-ogg-theora: a1e56fd34408186e4bbccfd4996cb3dc -> 
  custom:container-muxer-webm: aa71ff27fc2769a1b78a27578f13a17b -> 
  custom:container-demuxer-webm: 4f35f7cbe854078d1ac9338744f61a02 -> 
  custom:container-demuxer-ogg: 62fdf1f143b41e24485cea50d1cbac27 -> 
  custom:video-encoder-webm-vp8: eb34c28f22e8b96e1ab97ce403110664 -> 
  custom:video-decoder-webm-vp8: 9c59270c3fd7afecdb556c50c9e8de78 -> 
  custom:audio-decoder-ogg-vorbis: bf7c407c2cedff20999df2af8eb42d56 -> 
  custom:audio-encoder-webm-vorbis: bf7c407c2cedff20999df2af8eb42d56 -> 
========================================================================
Received Prepare
Registering precompiled user dll's ...
Registered in 1.458360 seconds.
Begin MonoManager ReloadAssembly
Native extension for WindowsStandalone target not found
Refreshing native plugins compatible for Editor in 1.14 ms, found 2 plugins.
Preloading 0 native plugins for Editor in 0.00 ms.
Mono: successfully reloaded assembly
- Completed reload, in  2.444 seconds
Platform modules already initialized, skipping
Refreshing native plugins compatible for Editor in 0.81 ms, found 2 plugins.
Preloading 0 native plugins for Editor in 0.00 ms.
Unloading 1721 Unused Serialized files (Serialized files now loaded: 0)
System memory in use before: 125.2 MB.
System memory in use after: 124.9 MB.

Unloading 16 unused Assets to reduce memory usage. Loaded Objects now: 2431.
Total: 3.476700 ms (FindLiveObjects: 0.432300 ms CreateObjectMapping: 0.132700 ms MarkObjects: 2.221700 ms  DeleteObjects: 0.688400 ms)

AssetImportParameters requested are different than current active one (requested -> active):
  custom:framework-win-MediaFoundation: 216162199b28c13a410421893ffa2e32 -> 
  custom:video-decoder-ogg-theora: a1e56fd34408186e4bbccfd4996cb3dc -> 
  custom:container-muxer-webm: aa71ff27fc2769a1b78a27578f13a17b -> 
  custom:container-demuxer-webm: 4f35f7cbe854078d1ac9338744f61a02 -> 
  custom:container-demuxer-ogg: 62fdf1f143b41e24485cea50d1cbac27 -> 
  custom:video-encoder-webm-vp8: eb34c28f22e8b96e1ab97ce403110664 -> 
  custom:video-decoder-webm-vp8: 9c59270c3fd7afecdb556c50c9e8de78 -> 
  custom:audio-decoder-ogg-vorbis: bf7c407c2cedff20999df2af8eb42d56 -> 
  custom:audio-encoder-webm-vorbis: bf7c407c2cedff20999df2af8eb42d56 -> 
========================================================================
Received Import Request.
  Time since last request: 89952.356665 seconds.
  path: Assets/Keunwoo/Room/textures/wall/brick_uneven_stones_basecolor.png
  artifactKey: Guid(0ea9e7e251b6ac74ca6b52cd06bbd260) Importer(815301076,1909f56bfc062723c751e8b465ee728b)
Start importing Assets/Keunwoo/Room/textures/wall/brick_uneven_stones_basecolor.png using Guid(0ea9e7e251b6ac74ca6b52cd06bbd260) Importer(815301076,1909f56bfc062723c751e8b465ee728b)  -> (artifact id: '9da39521cf7cf60127665d82f9956428') in 4.619615 seconds 
  Import took 4.626152 seconds .

========================================================================
Received Import Request.
  Time since last request: 0.021617 seconds.
  path: Assets/Free Game Items/150dpi/bronze_coin.png
  artifactKey: Guid(cd1bc36084c02974f86d25935060bfff) Importer(815301076,1909f56bfc062723c751e8b465ee728b)
Start importing Assets/Free Game Items/150dpi/bronze_coin.png using Guid(cd1bc36084c02974f86d25935060bfff) Importer(815301076,1909f56bfc062723c751e8b465ee728b)  -> (artifact id: '444a1e109ad00f026cbdd22aeee5cb11') in 0.293436 seconds 
  Import took 0.298777 seconds .

========================================================================
Received Import Request.
  Time since last request: 0.000065 seconds.
  path: Assets/Keunwoo/Models/floor/Materials/ceiling_01_basecolor.tga
  artifactKey: Guid(61bb3df45f6e364409f0dbb8850ddc46) Importer(815301076,1909f56bfc062723c751e8b465ee728b)
Start importing Assets/Keunwoo/Models/floor/Materials/ceiling_01_basecolor.tga using Guid(61bb3df45f6e364409f0dbb8850ddc46) Importer(815301076,1909f56bfc062723c751e8b465ee728b)  -> (artifact id: '639a0b606ce3dde4d3602b36a708dfd8') in 0.212181 seconds 
  Import took 0.219361 seconds .

========================================================================
Received Import Request.
  Time since last request: 0.000093 seconds.
  path: Assets/Hyungsik/YHS/9t5 Low Poly Playground/FBXs/Palm Tree.fbx
  artifactKey: Guid(fd7f1f3788c733c49bf726e7a24a149e) Importer(815301076,1909f56bfc062723c751e8b465ee728b)
Start importing Assets/Hyungsik/YHS/9t5 Low Poly Playground/FBXs/Palm Tree.fbx using Guid(fd7f1f3788c733c49bf726e7a24a149e) Importer(815301076,1909f56bfc062723c751e8b465ee728b)  -> (artifact id: '1b9dfce683bbeca4f71b7d6888bdd4d4') in 0.308030 seconds 
  Import took 0.345739 seconds .

========================================================================
Received Import Request.
  Time since last request: 0.000282 seconds.
  path: Assets/Keunwoo/Standard Assets/CrossPlatformInput/Prefabs/CarTiltControls.prefab
  artifactKey: Guid(174090ae7f9eff84abe76f0ff062efac) Importer(815301076,1909f56bfc062723c751e8b465ee728b)
Start importing Assets/Keunwoo/Standard Assets/CrossPlatformInput/Prefabs/CarTiltControls.prefab using Guid(174090ae7f9eff84abe76f0ff062efac) Importer(815301076,1909f56bfc062723c751e8b465ee728b)  -> (artifact id: '366e8f2d825d3778e22d6b4480dfa501') in 0.192030 seconds 
  Import took 0.197110 seconds .

========================================================================
Received Import Request.
  Time since last request: 0.000200 seconds.
  path: Assets/Keunwoo/Room/textures/wall/Materials/brick_uneven_stones_basecolor.mat
  artifactKey: Guid(33d99c48d0e69de48b360555b2f4170e) Importer(815301076,1909f56bfc062723c751e8b465ee728b)
Start importing Assets/Keunwoo/Room/textures/wall/Materials/brick_uneven_stones_basecolor.mat using Guid(33d99c48d0e69de48b360555b2f4170e) Importer(815301076,1909f56bfc062723c751e8b465ee728b)  -> (artifact id: 'c359ede0395bf1160943876db773950d') in 0.298065 seconds 
  Import took 0.302418 seconds .

========================================================================
Received Import Request.
  Time since last request: 0.000258 seconds.
  path: Assets/Free Game Items/300dpi/bronze_coin.png
  artifactKey: Guid(c29162d11d03499498205196908712a5) Importer(815301076,1909f56bfc062723c751e8b465ee728b)
Start importing Assets/Free Game Items/300dpi/bronze_coin.png using Guid(c29162d11d03499498205196908712a5) Importer(815301076,1909f56bfc062723c751e8b465ee728b)  -> (artifact id: '296c50c3bdc6e77f9bbaf4efa7f81884') in 0.096152 seconds 
  Import took 0.101998 seconds .

========================================================================
Received Import Request.
  Time since last request: 0.000207 seconds.
  path: Assets/Free Game Items/96dpi/bronze_coin.png
  artifactKey: Guid(e275e9f15c58d384f9346765f69e49d1) Importer(815301076,1909f56bfc062723c751e8b465ee728b)
Start importing Assets/Free Game Items/96dpi/bronze_coin.png using Guid(e275e9f15c58d384f9346765f69e49d1) Importer(815301076,1909f56bfc062723c751e8b465ee728b)  -> (artifact id: '69d645b1a7eb4d547289177bea3f395e') in 0.087751 seconds 
  Import took 0.091508 seconds .

========================================================================
Received Import Request.
  Time since last request: 12.976954 seconds.
  path: Assets/Controller.cs
  artifactKey: Guid(6cb32aaf985b15b439e3cb963da382bd) Importer(815301076,1909f56bfc062723c751e8b465ee728b)
Start importing Assets/Controller.cs using Guid(6cb32aaf985b15b439e3cb963da382bd) Importer(815301076,1909f56bfc062723c751e8b465ee728b)  -> (artifact id: 'f5606b573c8e41411b967ea171d688ed') in 0.046496 seconds 
  Import took 0.052394 seconds .

========================================================================
Received Prepare
Registering precompiled user dll's ...
Registered in 0.038331 seconds.
Begin MonoManager ReloadAssembly
Native extension for WindowsStandalone target not found
Refreshing native plugins compatible for Editor in 1.57 ms, found 2 plugins.
Preloading 0 native plugins for Editor in 0.00 ms.
Mono: successfully reloaded assembly
- Completed reload, in  2.241 seconds
Platform modules already initialized, skipping
Refreshing native plugins compatible for Editor in 0.70 ms, found 2 plugins.
Preloading 0 native plugins for Editor in 0.00 ms.
Unloading 1721 Unused Serialized files (Serialized files now loaded: 0)
System memory in use before: 125.5 MB.
System memory in use after: 125.2 MB.

Unloading 16 unused Assets to reduce memory usage. Loaded Objects now: 2439.
Total: 2.881100 ms (FindLiveObjects: 0.211300 ms CreateObjectMapping: 0.078000 ms MarkObjects: 1.996500 ms  DeleteObjects: 0.593800 ms)

AssetImportParameters requested are different than current active one (requested -> active):
  custom:framework-win-MediaFoundation: 216162199b28c13a410421893ffa2e32 -> 
  custom:video-decoder-ogg-theora: a1e56fd34408186e4bbccfd4996cb3dc -> 
  custom:container-muxer-webm: aa71ff27fc2769a1b78a27578f13a17b -> 
  custom:container-demuxer-webm: 4f35f7cbe854078d1ac9338744f61a02 -> 
  custom:container-demuxer-ogg: 62fdf1f143b41e24485cea50d1cbac27 -> 
  custom:video-encoder-webm-vp8: eb34c28f22e8b96e1ab97ce403110664 -> 
  custom:video-decoder-webm-vp8: 9c59270c3fd7afecdb556c50c9e8de78 -> 
  custom:audio-decoder-ogg-vorbis: bf7c407c2cedff20999df2af8eb42d56 -> 
  custom:audio-encoder-webm-vorbis: bf7c407c2cedff20999df2af8eb42d56 -> 
========================================================================
Received Prepare
Registering precompiled user dll's ...
Registered in 0.189746 seconds.
Begin MonoManager ReloadAssembly
Native extension for WindowsStandalone target not found
Refreshing native plugins compatible for Editor in 4.52 ms, found 2 plugins.
Preloading 0 native plugins for Editor in 0.00 ms.
Mono: successfully reloaded assembly
- Completed reload, in  2.911 seconds
Platform modules already initialized, skipping
Refreshing native plugins compatible for Editor in 1.41 ms, found 2 plugins.
Preloading 0 native plugins for Editor in 0.00 ms.
Unloading 1721 Unused Serialized files (Serialized files now loaded: 0)
System memory in use before: 125.5 MB.
System memory in use after: 125.2 MB.

Unloading 16 unused Assets to reduce memory usage. Loaded Objects now: 2442.
Total: 9.262000 ms (FindLiveObjects: 0.502000 ms CreateObjectMapping: 0.127800 ms MarkObjects: 7.508000 ms  DeleteObjects: 1.122500 ms)

AssetImportParameters requested are different than current active one (requested -> active):
  custom:framework-win-MediaFoundation: 216162199b28c13a410421893ffa2e32 -> 
  custom:video-decoder-ogg-theora: a1e56fd34408186e4bbccfd4996cb3dc -> 
  custom:container-muxer-webm: aa71ff27fc2769a1b78a27578f13a17b -> 
  custom:container-demuxer-webm: 4f35f7cbe854078d1ac9338744f61a02 -> 
  custom:container-demuxer-ogg: 62fdf1f143b41e24485cea50d1cbac27 -> 
  custom:video-encoder-webm-vp8: eb34c28f22e8b96e1ab97ce403110664 -> 
  custom:video-decoder-webm-vp8: 9c59270c3fd7afecdb556c50c9e8de78 -> 
  custom:audio-decoder-ogg-vorbis: bf7c407c2cedff20999df2af8eb42d56 -> 
  custom:audio-encoder-webm-vorbis: bf7c407c2cedff20999df2af8eb42d56 -> 
========================================================================
Received Prepare
Registering precompiled user dll's ...
Registered in 0.004739 seconds.
Begin MonoManager ReloadAssembly
Native extension for WindowsStandalone target not found
Refreshing native plugins compatible for Editor in 0.72 ms, found 2 plugins.
Preloading 0 native plugins for Editor in 0.00 ms.
Mono: successfully reloaded assembly
- Completed reload, in  1.142 seconds
Platform modules already initialized, skipping
Refreshing native plugins compatible for Editor in 0.81 ms, found 2 plugins.
Preloading 0 native plugins for Editor in 0.00 ms.
Unloading 1722 Unused Serialized files (Serialized files now loaded: 0)
System memory in use before: 125.6 MB.
System memory in use after: 125.3 MB.

Unloading 16 unused Assets to reduce memory usage. Loaded Objects now: 2446.
Total: 3.195100 ms (FindLiveObjects: 0.193000 ms CreateObjectMapping: 0.067900 ms MarkObjects: 2.275400 ms  DeleteObjects: 0.657400 ms)

AssetImportParameters requested are different than current active one (requested -> active):
  custom:framework-win-MediaFoundation: 216162199b28c13a410421893ffa2e32 -> 
  custom:video-decoder-ogg-theora: a1e56fd34408186e4bbccfd4996cb3dc -> 
  custom:container-muxer-webm: aa71ff27fc2769a1b78a27578f13a17b -> 
  custom:container-demuxer-webm: 4f35f7cbe854078d1ac9338744f61a02 -> 
  custom:container-demuxer-ogg: 62fdf1f143b41e24485cea50d1cbac27 -> 
  custom:video-encoder-webm-vp8: eb34c28f22e8b96e1ab97ce403110664 -> 
  custom:video-decoder-webm-vp8: 9c59270c3fd7afecdb556c50c9e8de78 -> 
  custom:audio-decoder-ogg-vorbis: bf7c407c2cedff20999df2af8eb42d56 -> 
  custom:audio-encoder-webm-vorbis: bf7c407c2cedff20999df2af8eb42d56 -> 
========================================================================
Received Import Request.
  Time since last request: 8476.159210 seconds.
  path: Assets/CodeLock_Check.cs
  artifactKey: Guid(6a67ddba3b4fdcc408c23102fcc1e3e5) Importer(815301076,1909f56bfc062723c751e8b465ee728b)
Start importing Assets/CodeLock_Check.cs using Guid(6a67ddba3b4fdcc408c23102fcc1e3e5) Importer(815301076,1909f56bfc062723c751e8b465ee728b)  -> (artifact id: 'f8d80ab6f73de48113cb2c8a802a2144') in 0.015693 seconds 
  Import took 0.021479 seconds .

========================================================================
Received Prepare
Registering precompiled user dll's ...
Registered in 0.014426 seconds.
Begin MonoManager ReloadAssembly
Native extension for WindowsStandalone target not found
Refreshing native plugins compatible for Editor in 0.77 ms, found 2 plugins.
Preloading 0 native plugins for Editor in 0.00 ms.
Mono: successfully reloaded assembly
- Completed reload, in  1.619 seconds
Platform modules already initialized, skipping
Refreshing native plugins compatible for Editor in 1.55 ms, found 2 plugins.
Preloading 0 native plugins for Editor in 0.00 ms.
Unloading 1721 Unused Serialized files (Serialized files now loaded: 0)
System memory in use before: 125.5 MB.
System memory in use after: 125.2 MB.

Unloading 17 unused Assets to reduce memory usage. Loaded Objects now: 2448.
Total: 4.850400 ms (FindLiveObjects: 0.350000 ms CreateObjectMapping: 0.175700 ms MarkObjects: 3.148400 ms  DeleteObjects: 1.174500 ms)

AssetImportParameters requested are different than current active one (requested -> active):
  custom:framework-win-MediaFoundation: 216162199b28c13a410421893ffa2e32 -> 
  custom:video-decoder-ogg-theora: a1e56fd34408186e4bbccfd4996cb3dc -> 
  custom:container-muxer-webm: aa71ff27fc2769a1b78a27578f13a17b -> 
  custom:container-demuxer-webm: 4f35f7cbe854078d1ac9338744f61a02 -> 
  custom:container-demuxer-ogg: 62fdf1f143b41e24485cea50d1cbac27 -> 
  custom:video-encoder-webm-vp8: eb34c28f22e8b96e1ab97ce403110664 -> 
  custom:video-decoder-webm-vp8: 9c59270c3fd7afecdb556c50c9e8de78 -> 
  custom:audio-decoder-ogg-vorbis: bf7c407c2cedff20999df2af8eb42d56 -> 
  custom:audio-encoder-webm-vorbis: bf7c407c2cedff20999df2af8eb42d56 -> 
========================================================================
Received Prepare
Registering precompiled user dll's ...
Registered in 0.005373 seconds.
Begin MonoManager ReloadAssembly
Native extension for WindowsStandalone target not found
Refreshing native plugins compatible for Editor in 0.92 ms, found 2 plugins.
Preloading 0 native plugins for Editor in 0.00 ms.
Mono: successfully reloaded assembly
- Completed reload, in  1.672 seconds
Platform modules already initialized, skipping
Refreshing native plugins compatible for Editor in 1.20 ms, found 2 plugins.
Preloading 0 native plugins for Editor in 0.00 ms.
Unloading 1721 Unused Serialized files (Serialized files now loaded: 0)
System memory in use before: 125.6 MB.
System memory in use after: 125.2 MB.

Unloading 16 unused Assets to reduce memory usage. Loaded Objects now: 2451.
Total: 4.969800 ms (FindLiveObjects: 0.381400 ms CreateObjectMapping: 0.156600 ms MarkObjects: 3.348800 ms  DeleteObjects: 1.081000 ms)

AssetImportParameters requested are different than current active one (requested -> active):
  custom:framework-win-MediaFoundation: 216162199b28c13a410421893ffa2e32 -> 
  custom:video-decoder-ogg-theora: a1e56fd34408186e4bbccfd4996cb3dc -> 
  custom:container-muxer-webm: aa71ff27fc2769a1b78a27578f13a17b -> 
  custom:container-demuxer-webm: 4f35f7cbe854078d1ac9338744f61a02 -> 
  custom:container-demuxer-ogg: 62fdf1f143b41e24485cea50d1cbac27 -> 
  custom:video-encoder-webm-vp8: eb34c28f22e8b96e1ab97ce403110664 -> 
  custom:video-decoder-webm-vp8: 9c59270c3fd7afecdb556c50c9e8de78 -> 
  custom:audio-decoder-ogg-vorbis: bf7c407c2cedff20999df2af8eb42d56 -> 
  custom:audio-encoder-webm-vorbis: bf7c407c2cedff20999df2af8eb42d56 -> 
========================================================================
Received Import Request.
  Time since last request: 52.394607 seconds.
  path: Assets/Hyungsik/YHS/Scripts/castle_puzzle_enter.cs
  artifactKey: Guid(af96e9375a286004facaac395f1f8670) Importer(815301076,1909f56bfc062723c751e8b465ee728b)
Start importing Assets/Hyungsik/YHS/Scripts/castle_puzzle_enter.cs using Guid(af96e9375a286004facaac395f1f8670) Importer(815301076,1909f56bfc062723c751e8b465ee728b)  -> (artifact id: 'a66d3bd50f555b388b2d0d54572b4cd5') in 0.015029 seconds 
  Import took 0.020227 seconds .

========================================================================
Received Import Request.
  Time since last request: 0.607191 seconds.
  path: Assets/Hyungsik/YHS/Scripts/castle_puzzle_chest.cs
  artifactKey: Guid(b17975cb3c8f31e48b101613bc9455c0) Importer(815301076,1909f56bfc062723c751e8b465ee728b)
Start importing Assets/Hyungsik/YHS/Scripts/castle_puzzle_chest.cs using Guid(b17975cb3c8f31e48b101613bc9455c0) Importer(815301076,1909f56bfc062723c751e8b465ee728b)  -> (artifact id: '0a65337a28c86068c2a0447e46036ea6') in 0.009778 seconds 
  Import took 0.014545 seconds .

========================================================================
Received Prepare
Registering precompiled user dll's ...
Registered in 0.003773 seconds.
Begin MonoManager ReloadAssembly
Native extension for WindowsStandalone target not found
Refreshing native plugins compatible for Editor in 1.60 ms, found 2 plugins.
Preloading 0 native plugins for Editor in 0.00 ms.
Mono: successfully reloaded assembly
- Completed reload, in  3.056 seconds
Platform modules already initialized, skipping
Refreshing native plugins compatible for Editor in 1.27 ms, found 2 plugins.
Preloading 0 native plugins for Editor in 0.00 ms.
Unloading 1721 Unused Serialized files (Serialized files now loaded: 0)
System memory in use before: 125.5 MB.
System memory in use after: 125.2 MB.

Unloading 16 unused Assets to reduce memory usage. Loaded Objects now: 2454.
Total: 4.618900 ms (FindLiveObjects: 0.339400 ms CreateObjectMapping: 0.119200 ms MarkObjects: 2.978200 ms  DeleteObjects: 1.180200 ms)

AssetImportParameters requested are different than current active one (requested -> active):
  custom:framework-win-MediaFoundation: 216162199b28c13a410421893ffa2e32 -> 
  custom:video-decoder-ogg-theora: a1e56fd34408186e4bbccfd4996cb3dc -> 
  custom:container-muxer-webm: aa71ff27fc2769a1b78a27578f13a17b -> 
  custom:container-demuxer-webm: 4f35f7cbe854078d1ac9338744f61a02 -> 
  custom:container-demuxer-ogg: 62fdf1f143b41e24485cea50d1cbac27 -> 
  custom:video-encoder-webm-vp8: eb34c28f22e8b96e1ab97ce403110664 -> 
  custom:video-decoder-webm-vp8: 9c59270c3fd7afecdb556c50c9e8de78 -> 
  custom:audio-decoder-ogg-vorbis: bf7c407c2cedff20999df2af8eb42d56 -> 
  custom:audio-encoder-webm-vorbis: bf7c407c2cedff20999df2af8eb42d56 -> 
========================================================================
Received Prepare
Registering precompiled user dll's ...
Registered in 0.003156 seconds.
Begin MonoManager ReloadAssembly
Native extension for WindowsStandalone target not found
Refreshing native plugins compatible for Editor in 0.72 ms, found 2 plugins.
Preloading 0 native plugins for Editor in 0.00 ms.
Mono: successfully reloaded assembly
- Completed reload, in  1.825 seconds
Platform modules already initialized, skipping
Refreshing native plugins compatible for Editor in 1.22 ms, found 2 plugins.
Preloading 0 native plugins for Editor in 0.00 ms.
Unloading 1721 Unused Serialized files (Serialized files now loaded: 0)
System memory in use before: 125.6 MB.
System memory in use after: 125.3 MB.

Unloading 16 unused Assets to reduce memory usage. Loaded Objects now: 2457.
Total: 4.785900 ms (FindLiveObjects: 0.401800 ms CreateObjectMapping: 0.147600 ms MarkObjects: 3.315000 ms  DeleteObjects: 0.919700 ms)

AssetImportParameters requested are different than current active one (requested -> active):
  custom:framework-win-MediaFoundation: 216162199b28c13a410421893ffa2e32 -> 
  custom:video-decoder-ogg-theora: a1e56fd34408186e4bbccfd4996cb3dc -> 
  custom:container-muxer-webm: aa71ff27fc2769a1b78a27578f13a17b -> 
  custom:container-demuxer-webm: 4f35f7cbe854078d1ac9338744f61a02 -> 
  custom:container-demuxer-ogg: 62fdf1f143b41e24485cea50d1cbac27 -> 
  custom:video-encoder-webm-vp8: eb34c28f22e8b96e1ab97ce403110664 -> 
  custom:video-decoder-webm-vp8: 9c59270c3fd7afecdb556c50c9e8de78 -> 
  custom:audio-decoder-ogg-vorbis: bf7c407c2cedff20999df2af8eb42d56 -> 
  custom:audio-encoder-webm-vorbis: bf7c407c2cedff20999df2af8eb42d56 -> 
========================================================================
Received Prepare
Registering precompiled user dll's ...
Registered in 0.008023 seconds.
Begin MonoManager ReloadAssembly
Native extension for WindowsStandalone target not found
Refreshing native plugins compatible for Editor in 1.35 ms, found 2 plugins.
Preloading 0 native plugins for Editor in 0.00 ms.
Mono: successfully reloaded assembly
- Completed reload, in  2.531 seconds
Platform modules already initialized, skipping
Refreshing native plugins compatible for Editor in 1.34 ms, found 2 plugins.
Preloading 0 native plugins for Editor in 0.00 ms.
Unloading 1721 Unused Serialized files (Serialized files now loaded: 0)
System memory in use before: 125.6 MB.
System memory in use after: 125.3 MB.

Unloading 16 unused Assets to reduce memory usage. Loaded Objects now: 2460.
Total: 5.937000 ms (FindLiveObjects: 0.358800 ms CreateObjectMapping: 0.175700 ms MarkObjects: 4.298700 ms  DeleteObjects: 1.102100 ms)

AssetImportParameters requested are different than current active one (requested -> active):
  custom:framework-win-MediaFoundation: 216162199b28c13a410421893ffa2e32 -> 
  custom:video-decoder-ogg-theora: a1e56fd34408186e4bbccfd4996cb3dc -> 
  custom:container-muxer-webm: aa71ff27fc2769a1b78a27578f13a17b -> 
  custom:container-demuxer-webm: 4f35f7cbe854078d1ac9338744f61a02 -> 
  custom:container-demuxer-ogg: 62fdf1f143b41e24485cea50d1cbac27 -> 
  custom:video-encoder-webm-vp8: eb34c28f22e8b96e1ab97ce403110664 -> 
  custom:video-decoder-webm-vp8: 9c59270c3fd7afecdb556c50c9e8de78 -> 
  custom:audio-decoder-ogg-vorbis: bf7c407c2cedff20999df2af8eb42d56 -> 
  custom:audio-encoder-webm-vorbis: bf7c407c2cedff20999df2af8eb42d56 -> 
========================================================================
Received Prepare
Registering precompiled user dll's ...
Registered in 0.007093 seconds.
Begin MonoManager ReloadAssembly
Native extension for WindowsStandalone target not found
Refreshing native plugins compatible for Editor in 0.72 ms, found 2 plugins.
Preloading 0 native plugins for Editor in 0.00 ms.
Mono: successfully reloaded assembly
- Completed reload, in  1.671 seconds
Platform modules already initialized, skipping
Refreshing native plugins compatible for Editor in 1.23 ms, found 2 plugins.
Preloading 0 native plugins for Editor in 0.00 ms.
Unloading 1721 Unused Serialized files (Serialized files now loaded: 0)
System memory in use before: 125.6 MB.
System memory in use after: 125.3 MB.

Unloading 16 unused Assets to reduce memory usage. Loaded Objects now: 2463.
Total: 4.629400 ms (FindLiveObjects: 0.305000 ms CreateObjectMapping: 0.109300 ms MarkObjects: 3.286900 ms  DeleteObjects: 0.926400 ms)

AssetImportParameters requested are different than current active one (requested -> active):
  custom:framework-win-MediaFoundation: 216162199b28c13a410421893ffa2e32 -> 
  custom:video-decoder-ogg-theora: a1e56fd34408186e4bbccfd4996cb3dc -> 
  custom:container-muxer-webm: aa71ff27fc2769a1b78a27578f13a17b -> 
  custom:container-demuxer-webm: 4f35f7cbe854078d1ac9338744f61a02 -> 
  custom:container-demuxer-ogg: 62fdf1f143b41e24485cea50d1cbac27 -> 
  custom:video-encoder-webm-vp8: eb34c28f22e8b96e1ab97ce403110664 -> 
  custom:video-decoder-webm-vp8: 9c59270c3fd7afecdb556c50c9e8de78 -> 
  custom:audio-decoder-ogg-vorbis: bf7c407c2cedff20999df2af8eb42d56 -> 
  custom:audio-encoder-webm-vorbis: bf7c407c2cedff20999df2af8eb42d56 -> 
========================================================================
Received Prepare
Registering precompiled user dll's ...
Registered in 0.003650 seconds.
Begin MonoManager ReloadAssembly
Native extension for WindowsStandalone target not found
Refreshing native plugins compatible for Editor in 0.71 ms, found 2 plugins.
Preloading 0 native plugins for Editor in 0.00 ms.
Mono: successfully reloaded assembly
- Completed reload, in  1.365 seconds
Platform modules already initialized, skipping
Refreshing native plugins compatible for Editor in 1.20 ms, found 2 plugins.
Preloading 0 native plugins for Editor in 0.00 ms.
Unloading 1721 Unused Serialized files (Serialized files now loaded: 0)
System memory in use before: 125.6 MB.
System memory in use after: 125.3 MB.

Unloading 16 unused Assets to reduce memory usage. Loaded Objects now: 2466.
Total: 5.480100 ms (FindLiveObjects: 0.654900 ms CreateObjectMapping: 0.168500 ms MarkObjects: 3.055300 ms  DeleteObjects: 1.599600 ms)

AssetImportParameters requested are different than current active one (requested -> active):
  custom:framework-win-MediaFoundation: 216162199b28c13a410421893ffa2e32 -> 
  custom:video-decoder-ogg-theora: a1e56fd34408186e4bbccfd4996cb3dc -> 
  custom:container-muxer-webm: aa71ff27fc2769a1b78a27578f13a17b -> 
  custom:container-demuxer-webm: 4f35f7cbe854078d1ac9338744f61a02 -> 
  custom:container-demuxer-ogg: 62fdf1f143b41e24485cea50d1cbac27 -> 
  custom:video-encoder-webm-vp8: eb34c28f22e8b96e1ab97ce403110664 -> 
  custom:video-decoder-webm-vp8: 9c59270c3fd7afecdb556c50c9e8de78 -> 
  custom:audio-decoder-ogg-vorbis: bf7c407c2cedff20999df2af8eb42d56 -> 
  custom:audio-encoder-webm-vorbis: bf7c407c2cedff20999df2af8eb42d56 -> 
========================================================================
Received Prepare
Registering precompiled user dll's ...
Registered in 0.130062 seconds.
Begin MonoManager ReloadAssembly
Native extension for WindowsStandalone target not found
Refreshing native plugins compatible for Editor in 2.71 ms, found 2 plugins.
Preloading 0 native plugins for Editor in 0.00 ms.
Mono: successfully reloaded assembly
- Completed reload, in  1.604 seconds
Platform modules already initialized, skipping
Refreshing native plugins compatible for Editor in 1.40 ms, found 2 plugins.
Preloading 0 native plugins for Editor in 0.00 ms.
Unloading 1721 Unused Serialized files (Serialized files now loaded: 0)
System memory in use before: 125.6 MB.
System memory in use after: 125.3 MB.

Unloading 16 unused Assets to reduce memory usage. Loaded Objects now: 2469.
Total: 7.253700 ms (FindLiveObjects: 0.445600 ms CreateObjectMapping: 0.191900 ms MarkObjects: 4.448300 ms  DeleteObjects: 2.166400 ms)

AssetImportParameters requested are different than current active one (requested -> active):
  custom:framework-win-MediaFoundation: 216162199b28c13a410421893ffa2e32 -> 
  custom:video-decoder-ogg-theora: a1e56fd34408186e4bbccfd4996cb3dc -> 
  custom:container-muxer-webm: aa71ff27fc2769a1b78a27578f13a17b -> 
  custom:container-demuxer-webm: 4f35f7cbe854078d1ac9338744f61a02 -> 
  custom:container-demuxer-ogg: 62fdf1f143b41e24485cea50d1cbac27 -> 
  custom:video-encoder-webm-vp8: eb34c28f22e8b96e1ab97ce403110664 -> 
  custom:video-decoder-webm-vp8: 9c59270c3fd7afecdb556c50c9e8de78 -> 
  custom:audio-decoder-ogg-vorbis: bf7c407c2cedff20999df2af8eb42d56 -> 
  custom:audio-encoder-webm-vorbis: bf7c407c2cedff20999df2af8eb42d56 -> 
========================================================================
Received Prepare
Registering precompiled user dll's ...
Registered in 0.003712 seconds.
Begin MonoManager ReloadAssembly
Native extension for WindowsStandalone target not found
Refreshing native plugins compatible for Editor in 1.08 ms, found 2 plugins.
Preloading 0 native plugins for Editor in 0.00 ms.
Mono: successfully reloaded assembly
- Completed reload, in  1.562 seconds
Platform modules already initialized, skipping
Refreshing native plugins compatible for Editor in 2.21 ms, found 2 plugins.
Preloading 0 native plugins for Editor in 0.00 ms.
Unloading 1721 Unused Serialized files (Serialized files now loaded: 0)
System memory in use before: 125.6 MB.
System memory in use after: 125.3 MB.

Unloading 16 unused Assets to reduce memory usage. Loaded Objects now: 2472.
Total: 8.707700 ms (FindLiveObjects: 0.773500 ms CreateObjectMapping: 0.249500 ms MarkObjects: 6.773600 ms  DeleteObjects: 0.907700 ms)

AssetImportParameters requested are different than current active one (requested -> active):
  custom:framework-win-MediaFoundation: 216162199b28c13a410421893ffa2e32 -> 
  custom:video-decoder-ogg-theora: a1e56fd34408186e4bbccfd4996cb3dc -> 
  custom:container-muxer-webm: aa71ff27fc2769a1b78a27578f13a17b -> 
  custom:container-demuxer-webm: 4f35f7cbe854078d1ac9338744f61a02 -> 
  custom:container-demuxer-ogg: 62fdf1f143b41e24485cea50d1cbac27 -> 
  custom:video-encoder-webm-vp8: eb34c28f22e8b96e1ab97ce403110664 -> 
  custom:video-decoder-webm-vp8: 9c59270c3fd7afecdb556c50c9e8de78 -> 
  custom:audio-decoder-ogg-vorbis: bf7c407c2cedff20999df2af8eb42d56 -> 
  custom:audio-encoder-webm-vorbis: bf7c407c2cedff20999df2af8eb42d56 -> 
========================================================================
Received Import Request.
  Time since last request: 2391.428560 seconds.
  path: Assets/Hyungsik/Hyungsik's_Map/SpaceZeta_StreetLamps
  artifactKey: Guid(0180e4eead2ced14e89a89a1cad5fe37) Importer(815301076,1909f56bfc062723c751e8b465ee728b)
Start importing Assets/Hyungsik/Hyungsik's_Map/SpaceZeta_StreetLamps using Guid(0180e4eead2ced14e89a89a1cad5fe37) Importer(815301076,1909f56bfc062723c751e8b465ee728b)  -> (artifact id: '6d0602dd8bcda33c574bd05ee1cc6905') in 0.115602 seconds 
  Import took 0.125514 seconds .

========================================================================
Received Import Request.
  Time since last request: 2.196430 seconds.
  path: Assets/Hyungsik/Hyungsik's_Map/SpaceZeta_StreetLamps/Prefabs
  artifactKey: Guid(94c6d5f63a766ee40902e79b87781cfc) Importer(815301076,1909f56bfc062723c751e8b465ee728b)
Start importing Assets/Hyungsik/Hyungsik's_Map/SpaceZeta_StreetLamps/Prefabs using Guid(94c6d5f63a766ee40902e79b87781cfc) Importer(815301076,1909f56bfc062723c751e8b465ee728b)  -> (artifact id: '74a5a8ccca7092d4ce1e0e0fbc79d665') in 0.063952 seconds 
  Import took 0.069385 seconds .

========================================================================
Received Import Request.
  Time since last request: 0.032146 seconds.
  path: Assets/Hyungsik/Hyungsik's_Map/SpaceZeta_StreetLamps/Prefabs
  artifactKey: Guid(94c6d5f63a766ee40902e79b87781cfc) Importer(815301076,1909f56bfc062723c751e8b465ee728b)
Start importing Assets/Hyungsik/Hyungsik's_Map/SpaceZeta_StreetLamps/Prefabs using Guid(94c6d5f63a766ee40902e79b87781cfc) Importer(815301076,1909f56bfc062723c751e8b465ee728b)  -> (artifact id: '74a5a8ccca7092d4ce1e0e0fbc79d665') in 0.005002 seconds 
  Import took 0.012159 seconds .

========================================================================
Received Prepare
Registering precompiled user dll's ...
Registered in 0.071965 seconds.
Begin MonoManager ReloadAssembly
Native extension for WindowsStandalone target not found
Refreshing native plugins compatible for Editor in 2.74 ms, found 2 plugins.
Preloading 0 native plugins for Editor in 0.00 ms.
Mono: successfully reloaded assembly
- Completed reload, in  3.010 seconds
Platform modules already initialized, skipping
Refreshing native plugins compatible for Editor in 7.98 ms, found 2 plugins.
Preloading 0 native plugins for Editor in 0.00 ms.
Unloading 1721 Unused Serialized files (Serialized files now loaded: 0)
System memory in use before: 125.6 MB.
System memory in use after: 125.3 MB.

Unloading 16 unused Assets to reduce memory usage. Loaded Objects now: 2475.
Total: 32.830500 ms (FindLiveObjects: 0.383000 ms CreateObjectMapping: 0.145300 ms MarkObjects: 30.768100 ms  DeleteObjects: 1.531500 ms)

AssetImportParameters requested are different than current active one (requested -> active):
  custom:framework-win-MediaFoundation: 216162199b28c13a410421893ffa2e32 -> 
  custom:video-decoder-ogg-theora: a1e56fd34408186e4bbccfd4996cb3dc -> 
  custom:container-muxer-webm: aa71ff27fc2769a1b78a27578f13a17b -> 
  custom:container-demuxer-webm: 4f35f7cbe854078d1ac9338744f61a02 -> 
  custom:container-demuxer-ogg: 62fdf1f143b41e24485cea50d1cbac27 -> 
  custom:video-encoder-webm-vp8: eb34c28f22e8b96e1ab97ce403110664 -> 
  custom:video-decoder-webm-vp8: 9c59270c3fd7afecdb556c50c9e8de78 -> 
  custom:audio-decoder-ogg-vorbis: bf7c407c2cedff20999df2af8eb42d56 -> 
  custom:audio-encoder-webm-vorbis: bf7c407c2cedff20999df2af8eb42d56 -> 
========================================================================
Received Prepare
Registering precompiled user dll's ...
Registered in 0.004791 seconds.
Begin MonoManager ReloadAssembly
Native extension for WindowsStandalone target not found
Refreshing native plugins compatible for Editor in 0.73 ms, found 2 plugins.
Preloading 0 native plugins for Editor in 0.00 ms.
Mono: successfully reloaded assembly
- Completed reload, in  1.471 seconds
Platform modules already initialized, skipping
Refreshing native plugins compatible for Editor in 0.72 ms, found 2 plugins.
Preloading 0 native plugins for Editor in 0.00 ms.
Unloading 1721 Unused Serialized files (Serialized files now loaded: 0)
System memory in use before: 125.6 MB.
System memory in use after: 125.3 MB.

Unloading 16 unused Assets to reduce memory usage. Loaded Objects now: 2478.
Total: 3.054900 ms (FindLiveObjects: 0.212200 ms CreateObjectMapping: 0.077200 ms MarkObjects: 2.163300 ms  DeleteObjects: 0.601000 ms)

AssetImportParameters requested are different than current active one (requested -> active):
  custom:framework-win-MediaFoundation: 216162199b28c13a410421893ffa2e32 -> 
  custom:video-decoder-ogg-theora: a1e56fd34408186e4bbccfd4996cb3dc -> 
  custom:container-muxer-webm: aa71ff27fc2769a1b78a27578f13a17b -> 
  custom:container-demuxer-webm: 4f35f7cbe854078d1ac9338744f61a02 -> 
  custom:container-demuxer-ogg: 62fdf1f143b41e24485cea50d1cbac27 -> 
  custom:video-encoder-webm-vp8: eb34c28f22e8b96e1ab97ce403110664 -> 
  custom:video-decoder-webm-vp8: 9c59270c3fd7afecdb556c50c9e8de78 -> 
  custom:audio-decoder-ogg-vorbis: bf7c407c2cedff20999df2af8eb42d56 -> 
  custom:audio-encoder-webm-vorbis: bf7c407c2cedff20999df2af8eb42d56 -> 
AssetImportWorkerClient::OnTransportError - code=2 error=End of file
