Using pre-set license
Built from '2020.3/staging' branch; Version is '2020.3.13f1 (71691879b7f5) revision 7432472'; Using compiler version '192528614'; Build Type 'Release'
OS: 'Windows 10 Home; OS build 19042.1165; Version 2009; 64bit' Language: 'ko' Physical Memory: 16268 MB
BatchMode: 1, IsHumanControllingUs: 0, StartBugReporterOnCrash: 0, Is64bit: 1, IsPro: 0

 COMMAND LINE ARGUMENTS:
D:\3. Programming\Unity\2020.3.13f1\Editor\Unity.exe
-adb2
-batchMode
-noUpm
-name
AssetImportWorker1
-projectPath
D:/3. Programming/GitHub/SMGraduationProject/UnityGraduationProject
-logFile
Logs/AssetImportWorker1.log
-srvPort
60965
Successfully changed project path to: D:/3. Programming/GitHub/SMGraduationProject/UnityGraduationProject
D:/3. Programming/GitHub/SMGraduationProject/UnityGraduationProject
Using Asset Import Pipeline V2.
Refreshing native plugins compatible for Editor in 109.39 ms, found 2 plugins.
Preloading 0 native plugins for Editor in 0.00 ms.
Initialize engine version: 2020.3.13f1 (71691879b7f5)
[Subsystems] Discovering subsystems at path D:/3. Programming/Unity/2020.3.13f1/Editor/Data/Resources/UnitySubsystems
[Subsystems] Discovering subsystems at path D:/3. Programming/GitHub/SMGraduationProject/UnityGraduationProject/Assets
GfxDevice: creating device client; threaded=0
Direct3D:
    Version:  Direct3D 11.0 [level 11.1]
    Renderer: NVIDIA GeForce GTX 1050 Ti (ID=0x1c8c)
    Vendor:   
    VRAM:     4021 MB
    Driver:   27.21.14.6627
Initialize mono
Mono path[0] = 'D:/3. Programming/Unity/2020.3.13f1/Editor/Data/Managed'
Mono path[1] = 'D:/3. Programming/Unity/2020.3.13f1/Editor/Data/MonoBleedingEdge/lib/mono/unityjit'
Mono config path = 'D:/3. Programming/Unity/2020.3.13f1/Editor/Data/MonoBleedingEdge/etc'
Using monoOptions --debugger-agent=transport=dt_socket,embedding=1,server=y,suspend=n,address=127.0.0.1:56392
Begin MonoManager ReloadAssembly
Registering precompiled unity dll's ...
Register platform support module: D:/3. Programming/Unity/2020.3.13f1/Editor/Data/PlaybackEngines/WindowsStandaloneSupport/UnityEditor.WindowsStandalone.Extensions.dll
Registered in 0.001898 seconds.
Native extension for WindowsStandalone target not found
Refreshing native plugins compatible for Editor in 106.59 ms, found 2 plugins.
Preloading 0 native plugins for Editor in 0.00 ms.
Mono: successfully reloaded assembly
- Completed reload, in  2.512 seconds
Platform modules already initialized, skipping
Registering precompiled user dll's ...
Registered in 0.005237 seconds.
Begin MonoManager ReloadAssembly
Native extension for WindowsStandalone target not found
Refreshing native plugins compatible for Editor in 1.23 ms, found 2 plugins.
Preloading 0 native plugins for Editor in 0.00 ms.
Mono: successfully reloaded assembly
- Completed reload, in  1.954 seconds
Platform modules already initialized, skipping
========================================================================
Worker process is ready to serve import requests
Launched and connected shader compiler UnityShaderCompiler.exe after 0.34 seconds
Refreshing native plugins compatible for Editor in 0.83 ms, found 2 plugins.
Preloading 0 native plugins for Editor in 0.00 ms.
Unloading 1682 Unused Serialized files (Serialized files now loaded: 0)
System memory in use before: 120.3 MB.
System memory in use after: 119.6 MB.

Unloading 29 unused Assets to reduce memory usage. Loaded Objects now: 2145.
Total: 5.140300 ms (FindLiveObjects: 0.320800 ms CreateObjectMapping: 0.177600 ms MarkObjects: 3.020100 ms  DeleteObjects: 1.619700 ms)

AssetImportParameters requested are different than current active one (requested -> active):
  custom:framework-win-MediaFoundation: 216162199b28c13a410421893ffa2e32 -> 
  custom:video-decoder-ogg-theora: a1e56fd34408186e4bbccfd4996cb3dc -> 
  custom:container-muxer-webm: aa71ff27fc2769a1b78a27578f13a17b -> 
  custom:container-demuxer-webm: 4f35f7cbe854078d1ac9338744f61a02 -> 
  custom:container-demuxer-ogg: 62fdf1f143b41e24485cea50d1cbac27 -> 
  custom:video-encoder-webm-vp8: eb34c28f22e8b96e1ab97ce403110664 -> 
  custom:video-decoder-webm-vp8: 9c59270c3fd7afecdb556c50c9e8de78 -> 
  custom:audio-decoder-ogg-vorbis: bf7c407c2cedff20999df2af8eb42d56 -> 
  custom:audio-encoder-webm-vorbis: bf7c407c2cedff20999df2af8eb42d56 -> 
========================================================================
Received Import Request.
  path: Assets/Hyungsik/YHS/Gray.mat
  artifactKey: Guid(c8b6a45aa2213ed4db48ed9e2a98227c) Importer(815301076,1909f56bfc062723c751e8b465ee728b)
Start importing Assets/Hyungsik/YHS/Gray.mat using Guid(c8b6a45aa2213ed4db48ed9e2a98227c) Importer(815301076,1909f56bfc062723c751e8b465ee728b)  -> (artifact id: 'f2cbb113f8a34e3313ecc112e3c66086') in 0.736080 seconds 
  Import took 0.773923 seconds .

========================================================================
Received Prepare
Registering precompiled user dll's ...
Registered in 0.006098 seconds.
Begin MonoManager ReloadAssembly
Native extension for WindowsStandalone target not found
Refreshing native plugins compatible for Editor in 1.41 ms, found 2 plugins.
Preloading 0 native plugins for Editor in 0.00 ms.
Mono: successfully reloaded assembly
- Completed reload, in  1.756 seconds
Platform modules already initialized, skipping
Refreshing native plugins compatible for Editor in 0.70 ms, found 2 plugins.
Preloading 0 native plugins for Editor in 0.00 ms.
Unloading 1597 Unused Serialized files (Serialized files now loaded: 0)
System memory in use before: 115.2 MB.
System memory in use after: 114.5 MB.

Unloading 24 unused Assets to reduce memory usage. Loaded Objects now: 2193.
Total: 2.875000 ms (FindLiveObjects: 0.294100 ms CreateObjectMapping: 0.092800 ms MarkObjects: 1.837300 ms  DeleteObjects: 0.649500 ms)

AssetImportParameters requested are different than current active one (requested -> active):
  custom:framework-win-MediaFoundation: 216162199b28c13a410421893ffa2e32 -> 
  custom:video-decoder-ogg-theora: a1e56fd34408186e4bbccfd4996cb3dc -> 
  custom:container-muxer-webm: aa71ff27fc2769a1b78a27578f13a17b -> 
  custom:container-demuxer-webm: 4f35f7cbe854078d1ac9338744f61a02 -> 
  custom:container-demuxer-ogg: 62fdf1f143b41e24485cea50d1cbac27 -> 
  custom:video-encoder-webm-vp8: eb34c28f22e8b96e1ab97ce403110664 -> 
  custom:video-decoder-webm-vp8: 9c59270c3fd7afecdb556c50c9e8de78 -> 
  custom:audio-decoder-ogg-vorbis: bf7c407c2cedff20999df2af8eb42d56 -> 
  custom:audio-encoder-webm-vorbis: bf7c407c2cedff20999df2af8eb42d56 -> 
========================================================================
Received Import Request.
  Time since last request: 34.718391 seconds.
  path: Assets/Hyungsik/YHS/Scripts
  artifactKey: Guid(b71a387351d62644f8709a0cb4b0d4e9) Importer(815301076,1909f56bfc062723c751e8b465ee728b)
Start importing Assets/Hyungsik/YHS/Scripts using Guid(b71a387351d62644f8709a0cb4b0d4e9) Importer(815301076,1909f56bfc062723c751e8b465ee728b)  -> (artifact id: 'c0325a28b869a7ef38ba975b8961c3b6') in 0.012009 seconds 
  Import took 0.058714 seconds .

========================================================================
Received Import Request.
  Time since last request: 47.938251 seconds.
  path: Assets/Hyungsik/YHS/Scripts/castle_puzzle.cs
  artifactKey: Guid(e0408a97debe01f4dabffe39cbca72d8) Importer(815301076,1909f56bfc062723c751e8b465ee728b)
Start importing Assets/Hyungsik/YHS/Scripts/castle_puzzle.cs using Guid(e0408a97debe01f4dabffe39cbca72d8) Importer(815301076,1909f56bfc062723c751e8b465ee728b)  -> (artifact id: 'd4a2d03b7510b493141ab4ea70d5b67b') in 0.019122 seconds 
  Import took 0.138644 seconds .

========================================================================
Received Import Request.
  Time since last request: 5.748430 seconds.
  path: Assets/Hyungsik/YHS/Scripts/castle_puzzle_chest.cs
  artifactKey: Guid(b17975cb3c8f31e48b101613bc9455c0) Importer(815301076,1909f56bfc062723c751e8b465ee728b)
Start importing Assets/Hyungsik/YHS/Scripts/castle_puzzle_chest.cs using Guid(b17975cb3c8f31e48b101613bc9455c0) Importer(815301076,1909f56bfc062723c751e8b465ee728b)  -> (artifact id: '96852bceb8032523b55f83dc62386c9c') in 0.009289 seconds 
  Import took 0.032426 seconds .

========================================================================
Received Import Request.
  Time since last request: 4.031919 seconds.
  path: Assets/Hyungsik/YHS/Scripts/castle_puzzle_exit.cs
  artifactKey: Guid(21603241d654b354ebd7f7320b825aa6) Importer(815301076,1909f56bfc062723c751e8b465ee728b)
Start importing Assets/Hyungsik/YHS/Scripts/castle_puzzle_exit.cs using Guid(21603241d654b354ebd7f7320b825aa6) Importer(815301076,1909f56bfc062723c751e8b465ee728b)  -> (artifact id: '6cf1d69243a695b06d550e6670da10fc') in 0.020539 seconds 
  Import took 0.126485 seconds .

========================================================================
Received Import Request.
  Time since last request: 0.851702 seconds.
  path: Assets/Hyungsik/YHS/Scripts/castle_puzzle_key.cs
  artifactKey: Guid(3df7e5df2d27a974185fb19799acb38f) Importer(815301076,1909f56bfc062723c751e8b465ee728b)
Start importing Assets/Hyungsik/YHS/Scripts/castle_puzzle_key.cs using Guid(3df7e5df2d27a974185fb19799acb38f) Importer(815301076,1909f56bfc062723c751e8b465ee728b)  -> (artifact id: '2639f98445ed6ae72c4ca47dee269f15') in 0.009713 seconds 
  Import took 0.044515 seconds .

========================================================================
Received Prepare
Registering precompiled user dll's ...
Registered in 0.647348 seconds.
Begin MonoManager ReloadAssembly
Native extension for WindowsStandalone target not found
Refreshing native plugins compatible for Editor in 0.87 ms, found 2 plugins.
Preloading 0 native plugins for Editor in 0.00 ms.
Mono: successfully reloaded assembly
- Completed reload, in  1.683 seconds
Platform modules already initialized, skipping
Refreshing native plugins compatible for Editor in 1.38 ms, found 2 plugins.
Preloading 0 native plugins for Editor in 0.00 ms.
Unloading 1597 Unused Serialized files (Serialized files now loaded: 0)
System memory in use before: 115.3 MB.
System memory in use after: 114.6 MB.

Unloading 24 unused Assets to reduce memory usage. Loaded Objects now: 2196.
Total: 4.730700 ms (FindLiveObjects: 0.325600 ms CreateObjectMapping: 0.145300 ms MarkObjects: 3.051300 ms  DeleteObjects: 1.206400 ms)

AssetImportParameters requested are different than current active one (requested -> active):
  custom:framework-win-MediaFoundation: 216162199b28c13a410421893ffa2e32 -> 
  custom:video-decoder-ogg-theora: a1e56fd34408186e4bbccfd4996cb3dc -> 
  custom:container-muxer-webm: aa71ff27fc2769a1b78a27578f13a17b -> 
  custom:container-demuxer-webm: 4f35f7cbe854078d1ac9338744f61a02 -> 
  custom:container-demuxer-ogg: 62fdf1f143b41e24485cea50d1cbac27 -> 
  custom:video-encoder-webm-vp8: eb34c28f22e8b96e1ab97ce403110664 -> 
  custom:video-decoder-webm-vp8: 9c59270c3fd7afecdb556c50c9e8de78 -> 
  custom:audio-decoder-ogg-vorbis: bf7c407c2cedff20999df2af8eb42d56 -> 
  custom:audio-encoder-webm-vorbis: bf7c407c2cedff20999df2af8eb42d56 -> 
AssetImportWorkerClient::OnTransportError - code=2 error=End of file
