Using pre-set license
Built from '2020.3/staging' branch; Version is '2020.3.13f1 (71691879b7f5) revision 7432472'; Using compiler version '192528614'; Build Type 'Release'
OS: 'Windows 10 Home; OS build 19042.1165; Version 2009; 64bit' Language: 'ko' Physical Memory: 16268 MB
BatchMode: 1, IsHumanControllingUs: 0, StartBugReporterOnCrash: 0, Is64bit: 1, IsPro: 0

 COMMAND LINE ARGUMENTS:
D:\3. Programming\Unity\2020.3.13f1\Editor\Unity.exe
-adb2
-batchMode
-noUpm
-name
AssetImportWorker0
-projectPath
D:/3. Programming/GitHub/SMGraduationProject/UnityGraduationProject
-logFile
Logs/AssetImportWorker0.log
-srvPort
60549
Successfully changed project path to: D:/3. Programming/GitHub/SMGraduationProject/UnityGraduationProject
D:/3. Programming/GitHub/SMGraduationProject/UnityGraduationProject
Using Asset Import Pipeline V2.
Refreshing native plugins compatible for Editor in 88.45 ms, found 2 plugins.
Preloading 0 native plugins for Editor in 0.00 ms.
Initialize engine version: 2020.3.13f1 (71691879b7f5)
[Subsystems] Discovering subsystems at path D:/3. Programming/Unity/2020.3.13f1/Editor/Data/Resources/UnitySubsystems
[Subsystems] Discovering subsystems at path D:/3. Programming/GitHub/SMGraduationProject/UnityGraduationProject/Assets
GfxDevice: creating device client; threaded=0
Direct3D:
    Version:  Direct3D 11.0 [level 11.1]
    Renderer: NVIDIA GeForce GTX 1050 Ti (ID=0x1c8c)
    Vendor:   
    VRAM:     4021 MB
    Driver:   27.21.14.6627
Initialize mono
Mono path[0] = 'D:/3. Programming/Unity/2020.3.13f1/Editor/Data/Managed'
Mono path[1] = 'D:/3. Programming/Unity/2020.3.13f1/Editor/Data/MonoBleedingEdge/lib/mono/unityjit'
Mono config path = 'D:/3. Programming/Unity/2020.3.13f1/Editor/Data/MonoBleedingEdge/etc'
Using monoOptions --debugger-agent=transport=dt_socket,embedding=1,server=y,suspend=n,address=127.0.0.1:56328
Begin MonoManager ReloadAssembly
Registering precompiled unity dll's ...
Register platform support module: D:/3. Programming/Unity/2020.3.13f1/Editor/Data/PlaybackEngines/WindowsStandaloneSupport/UnityEditor.WindowsStandalone.Extensions.dll
Registered in 0.001175 seconds.
Native extension for WindowsStandalone target not found
Refreshing native plugins compatible for Editor in 226.11 ms, found 2 plugins.
Preloading 0 native plugins for Editor in 0.00 ms.
Mono: successfully reloaded assembly
- Completed reload, in 11.833 seconds
Platform modules already initialized, skipping
Registering precompiled user dll's ...
Registered in 0.003482 seconds.
Begin MonoManager ReloadAssembly
Native extension for WindowsStandalone target not found
Refreshing native plugins compatible for Editor in 0.66 ms, found 2 plugins.
Preloading 0 native plugins for Editor in 0.00 ms.
Mono: successfully reloaded assembly
- Completed reload, in  1.608 seconds
Platform modules already initialized, skipping
========================================================================
Worker process is ready to serve import requests
Launched and connected shader compiler UnityShaderCompiler.exe after 0.25 seconds
Refreshing native plugins compatible for Editor in 1.13 ms, found 2 plugins.
Preloading 0 native plugins for Editor in 0.00 ms.
Unloading 1689 Unused Serialized files (Serialized files now loaded: 0)
System memory in use before: 120.0 MB.
System memory in use after: 119.3 MB.

Unloading 29 unused Assets to reduce memory usage. Loaded Objects now: 2152.
Total: 3.447000 ms (FindLiveObjects: 0.181300 ms CreateObjectMapping: 0.068900 ms MarkObjects: 2.177500 ms  DeleteObjects: 1.017500 ms)

AssetImportParameters requested are different than current active one (requested -> active):
  custom:framework-win-MediaFoundation: 216162199b28c13a410421893ffa2e32 -> 
  custom:video-decoder-ogg-theora: a1e56fd34408186e4bbccfd4996cb3dc -> 
  custom:container-muxer-webm: aa71ff27fc2769a1b78a27578f13a17b -> 
  custom:container-demuxer-webm: 4f35f7cbe854078d1ac9338744f61a02 -> 
  custom:container-demuxer-ogg: 62fdf1f143b41e24485cea50d1cbac27 -> 
  custom:video-encoder-webm-vp8: eb34c28f22e8b96e1ab97ce403110664 -> 
  custom:video-decoder-webm-vp8: 9c59270c3fd7afecdb556c50c9e8de78 -> 
  custom:audio-decoder-ogg-vorbis: bf7c407c2cedff20999df2af8eb42d56 -> 
  custom:audio-encoder-webm-vorbis: bf7c407c2cedff20999df2af8eb42d56 -> 
========================================================================
Received Import Request.
  path: Assets/Hyungsik/Map_Image/Prefabs/Map_Signs_Pack.prefab
  artifactKey: Guid(d0ef3d329a1719f4e8b0b4b1bb2565e1) Importer(815301076,1909f56bfc062723c751e8b465ee728b)
Start importing Assets/Hyungsik/Map_Image/Prefabs/Map_Signs_Pack.prefab using Guid(d0ef3d329a1719f4e8b0b4b1bb2565e1) Importer(815301076,1909f56bfc062723c751e8b465ee728b)  -> (artifact id: 'e0ee5d8f10a5220c9b547f4068d61731') in 0.332380 seconds 
  Import took 0.361581 seconds .

========================================================================
Received Import Request.
  Time since last request: 0.017064 seconds.
  path: Assets/Hyungsik/Map_Image/Yohan.png
  artifactKey: Guid(b6e204186e2908b418216639b5716eb4) Importer(815301076,1909f56bfc062723c751e8b465ee728b)
Start importing Assets/Hyungsik/Map_Image/Yohan.png using Guid(b6e204186e2908b418216639b5716eb4) Importer(815301076,1909f56bfc062723c751e8b465ee728b)  -> (artifact id: '30d1506f13efedb5cc69a8b93cf6cdd1') in 0.103431 seconds 
  Import took 0.167797 seconds .

========================================================================
Received Import Request.
  Time since last request: 0.000419 seconds.
  path: Assets/Hyungsik/Map_Image/Land_Map_temp.png
  artifactKey: Guid(0642a3dc1ed5ea149afdc8a2e0c0a170) Importer(815301076,1909f56bfc062723c751e8b465ee728b)
Start importing Assets/Hyungsik/Map_Image/Land_Map_temp.png using Guid(0642a3dc1ed5ea149afdc8a2e0c0a170) Importer(815301076,1909f56bfc062723c751e8b465ee728b)  -> (artifact id: 'e6d12fb7540a70cf8bbee587158e9d1b') in 0.024493 seconds 
  Import took 0.048742 seconds .

========================================================================
Received Import Request.
  Time since last request: 0.000647 seconds.
  path: Assets/Hyungsik/Map_Image/Hyungsik.png
  artifactKey: Guid(74e3bfea756648e4fbcb524228f79427) Importer(815301076,1909f56bfc062723c751e8b465ee728b)
Start importing Assets/Hyungsik/Map_Image/Hyungsik.png using Guid(74e3bfea756648e4fbcb524228f79427) Importer(815301076,1909f56bfc062723c751e8b465ee728b)  -> (artifact id: '46a9f618ed263c152ecdeddff23fe091') in 0.020836 seconds 
  Import took 0.068711 seconds .

========================================================================
Received Import Request.
  Time since last request: 0.004531 seconds.
  path: Assets/Hyungsik/Map_Image/Prefabs/Mini_Map_Pack.prefab
  artifactKey: Guid(c27bd3cba1f280348bb7dd8526163073) Importer(815301076,1909f56bfc062723c751e8b465ee728b)
Start importing Assets/Hyungsik/Map_Image/Prefabs/Mini_Map_Pack.prefab using Guid(c27bd3cba1f280348bb7dd8526163073) Importer(815301076,1909f56bfc062723c751e8b465ee728b)  -> (artifact id: '966decd16f50ff52f7a28981b59602e9') in 0.034660 seconds 
  Import took 0.054996 seconds .

========================================================================
Received Import Request.
  Time since last request: 0.004367 seconds.
  path: Assets/Hyungsik/Map_Image/Juhyeok.png
  artifactKey: Guid(e08609c7f4a78d648a86283ef2966541) Importer(815301076,1909f56bfc062723c751e8b465ee728b)
Start importing Assets/Hyungsik/Map_Image/Juhyeok.png using Guid(e08609c7f4a78d648a86283ef2966541) Importer(815301076,1909f56bfc062723c751e8b465ee728b)  -> (artifact id: 'd887914b2fde856e1c82e5295e2c3d25') in 0.034259 seconds 
  Import took 0.051298 seconds .

========================================================================
Received Import Request.
  Time since last request: 0.000374 seconds.
  path: Assets/Hyungsik/Map_Image/Sungwoo.png
  artifactKey: Guid(6bb7b82dddf472c448ec1cf4e5f959e8) Importer(815301076,1909f56bfc062723c751e8b465ee728b)
Start importing Assets/Hyungsik/Map_Image/Sungwoo.png using Guid(6bb7b82dddf472c448ec1cf4e5f959e8) Importer(815301076,1909f56bfc062723c751e8b465ee728b)  -> (artifact id: '09a43617366d92166b11a14f97b3e57a') in 0.030630 seconds 
  Import took 0.058509 seconds .

========================================================================
Received Import Request.
  Time since last request: 0.000305 seconds.
  path: Assets/Hyungsik/Map_Image
  artifactKey: Guid(e513de4227e61f245aa22d06d58f8528) Importer(815301076,1909f56bfc062723c751e8b465ee728b)
Start importing Assets/Hyungsik/Map_Image using Guid(e513de4227e61f245aa22d06d58f8528) Importer(815301076,1909f56bfc062723c751e8b465ee728b)  -> (artifact id: 'b6f62bc13f6b54baef625e762b67996f') in 0.008185 seconds 
  Import took 0.049456 seconds .

========================================================================
Received Import Request.
  Time since last request: 0.000438 seconds.
  path: Assets/Hyungsik/Map_Image/Keunwoo.png
  artifactKey: Guid(14e82b85b2545f049903e30d17b043c7) Importer(815301076,1909f56bfc062723c751e8b465ee728b)
Start importing Assets/Hyungsik/Map_Image/Keunwoo.png using Guid(14e82b85b2545f049903e30d17b043c7) Importer(815301076,1909f56bfc062723c751e8b465ee728b)  -> (artifact id: 'd4f5ec5780ebc7c5cc5a00d14cf5e541') in 0.034983 seconds 
  Import took 0.086547 seconds .

========================================================================
Received Import Request.
  Time since last request: 0.002278 seconds.
  path: Assets/Hyungsik/Map_Image/Prefabs
  artifactKey: Guid(d4256b63f57b34f419a3a9964f31e39b) Importer(815301076,1909f56bfc062723c751e8b465ee728b)
Start importing Assets/Hyungsik/Map_Image/Prefabs using Guid(d4256b63f57b34f419a3a9964f31e39b) Importer(815301076,1909f56bfc062723c751e8b465ee728b)  -> (artifact id: '49c3b98992f76ac0234230efddece1c4') in 0.038551 seconds 
  Import took 0.070354 seconds .

========================================================================
Received Import Request.
  Time since last request: 0.000305 seconds.
  path: Assets/Hyungsik/Map_Image/Total_Map.png
  artifactKey: Guid(eb7b5d1c3abc45340b60436aecee96cb) Importer(815301076,1909f56bfc062723c751e8b465ee728b)
Start importing Assets/Hyungsik/Map_Image/Total_Map.png using Guid(eb7b5d1c3abc45340b60436aecee96cb) Importer(815301076,1909f56bfc062723c751e8b465ee728b)  -> (artifact id: '3ec741814e7ff914ff6456f3dbffb479') in 0.023272 seconds 
  Import took 0.068546 seconds .

========================================================================
Received Import Request.
  Time since last request: 0.000355 seconds.
  path: Assets/Hyungsik/Map_Image/Land_Map.png
  artifactKey: Guid(2306c51d0ed14e84bab1e4db84687803) Importer(815301076,1909f56bfc062723c751e8b465ee728b)
Start importing Assets/Hyungsik/Map_Image/Land_Map.png using Guid(2306c51d0ed14e84bab1e4db84687803) Importer(815301076,1909f56bfc062723c751e8b465ee728b)  -> (artifact id: '8ee993334521b6d0daf606b32d4032d8') in 0.023051 seconds 
  Import took 0.041102 seconds .

========================================================================
Received Import Request.
  Time since last request: 249.872321 seconds.
  path: Assets/Hyungsik/Map_Image/Map_Image_Files
  artifactKey: Guid(f76ecfe65990ad64895661900138ca64) Importer(815301076,1909f56bfc062723c751e8b465ee728b)
Start importing Assets/Hyungsik/Map_Image/Map_Image_Files using Guid(f76ecfe65990ad64895661900138ca64) Importer(815301076,1909f56bfc062723c751e8b465ee728b)  -> (artifact id: '41c29f1bfb7778576297a1bb98dc7c4c') in 0.009384 seconds 
  Import took 0.057604 seconds .

========================================================================
Received Import Request.
  Time since last request: 0.103358 seconds.
  path: Assets/Hyungsik/Map_Image/Map_Image_Files/Land_Map.mat
  artifactKey: Guid(c2cb9fa2d4e7eb6439664e3607326bf0) Importer(815301076,1909f56bfc062723c751e8b465ee728b)
Start importing Assets/Hyungsik/Map_Image/Map_Image_Files/Land_Map.mat using Guid(c2cb9fa2d4e7eb6439664e3607326bf0) Importer(815301076,1909f56bfc062723c751e8b465ee728b)  -> (artifact id: '6e8203097097a8a2bf15a360b1c9a4ca') in 0.122479 seconds 
  Import took 0.176946 seconds .

========================================================================
Received Import Request.
  Time since last request: 0.000295 seconds.
  path: Assets/Hyungsik/Map_Image/Map_Image_Files/Map_Image.prefab
  artifactKey: Guid(9eef61dd7478b31449ab959f36d17b3c) Importer(815301076,1909f56bfc062723c751e8b465ee728b)
Start importing Assets/Hyungsik/Map_Image/Map_Image_Files/Map_Image.prefab using Guid(9eef61dd7478b31449ab959f36d17b3c) Importer(815301076,1909f56bfc062723c751e8b465ee728b)  -> (artifact id: 'a89d68931e14ac851b6e3241afee77af') in 0.015083 seconds 
  Import took 0.034164 seconds .

========================================================================
Received Import Request.
  Time since last request: 0.000342 seconds.
  path: Assets/Hyungsik/Map_Image/Map_Image_Files/Land_Map_Camera.renderTexture
  artifactKey: Guid(bccce0c423600904782bc9fe06135433) Importer(815301076,1909f56bfc062723c751e8b465ee728b)
Start importing Assets/Hyungsik/Map_Image/Map_Image_Files/Land_Map_Camera.renderTexture using Guid(bccce0c423600904782bc9fe06135433) Importer(815301076,1909f56bfc062723c751e8b465ee728b)  -> (artifact id: '5b717a48e32e587153cd3d055aeac470') in 0.064575 seconds 
  Import took 0.091184 seconds .

========================================================================
Received Import Request.
  Time since last request: 0.599327 seconds.
  path: Assets/Hyungsik/Map_Image/Map_Image_Files/Materials
  artifactKey: Guid(2eeb60b763da6854aa3090e2db53f882) Importer(815301076,1909f56bfc062723c751e8b465ee728b)
Start importing Assets/Hyungsik/Map_Image/Map_Image_Files/Materials using Guid(2eeb60b763da6854aa3090e2db53f882) Importer(815301076,1909f56bfc062723c751e8b465ee728b)  -> (artifact id: 'acee7a435aa7834e512d625b73bb57a7') in 0.013563 seconds 
  Import took 0.050528 seconds .

========================================================================
Received Import Request.
  Time since last request: 0.071431 seconds.
  path: Assets/Hyungsik/Map_Image/Map_Image_Files/Materials/Land_Map_Camera.mat
  artifactKey: Guid(1a7508df897297e4d80dd7e29961b1b5) Importer(815301076,1909f56bfc062723c751e8b465ee728b)
Start importing Assets/Hyungsik/Map_Image/Map_Image_Files/Materials/Land_Map_Camera.mat using Guid(1a7508df897297e4d80dd7e29961b1b5) Importer(815301076,1909f56bfc062723c751e8b465ee728b)  -> (artifact id: 'e30e3d1309c0d40b9683127dbf7d0071') in 0.013185 seconds 
  Import took 0.043552 seconds .

========================================================================
Received Import Request.
  Time since last request: 0.000293 seconds.
  path: Assets/Hyungsik/Map_Image/Map_Image_Files/Materials/Total_Map.mat
  artifactKey: Guid(1aba794edfaa6d74eaef823dfb50ed5b) Importer(815301076,1909f56bfc062723c751e8b465ee728b)
Start importing Assets/Hyungsik/Map_Image/Map_Image_Files/Materials/Total_Map.mat using Guid(1aba794edfaa6d74eaef823dfb50ed5b) Importer(815301076,1909f56bfc062723c751e8b465ee728b)  -> (artifact id: 'dcb444275e3fa8e504333d9c11fc90d6') in 0.017650 seconds 
  Import took 0.045745 seconds .

========================================================================
Received Import Request.
  Time since last request: 0.000341 seconds.
  path: Assets/Hyungsik/Map_Image/Map_Image_Files/Materials/Land_Map_temp.mat
  artifactKey: Guid(e4dd734486379574fb11358b0ca92111) Importer(815301076,1909f56bfc062723c751e8b465ee728b)
Start importing Assets/Hyungsik/Map_Image/Map_Image_Files/Materials/Land_Map_temp.mat using Guid(e4dd734486379574fb11358b0ca92111) Importer(815301076,1909f56bfc062723c751e8b465ee728b)  -> (artifact id: '86b30f7c6a1b9b1c9581f0c089b7c4c7') in 0.020104 seconds 
  Import took 0.048980 seconds .

========================================================================
Received Import Request.
  Time since last request: 0.000230 seconds.
  path: Assets/Hyungsik/Map_Image/Map_Image_Files/Materials/Land_Map_Camera.mat
  artifactKey: Guid(1a7508df897297e4d80dd7e29961b1b5) Importer(815301076,1909f56bfc062723c751e8b465ee728b)
Start importing Assets/Hyungsik/Map_Image/Map_Image_Files/Materials/Land_Map_Camera.mat using Guid(1a7508df897297e4d80dd7e29961b1b5) Importer(815301076,1909f56bfc062723c751e8b465ee728b)  -> (artifact id: 'e30e3d1309c0d40b9683127dbf7d0071') in 0.010451 seconds 
  Import took 0.015150 seconds .

========================================================================
Received Prepare
Registering precompiled user dll's ...
Registered in 0.003012 seconds.
Begin MonoManager ReloadAssembly
Native extension for WindowsStandalone target not found
Refreshing native plugins compatible for Editor in 1.46 ms, found 2 plugins.
Preloading 0 native plugins for Editor in 0.00 ms.
Mono: successfully reloaded assembly
- Completed reload, in  1.822 seconds
Platform modules already initialized, skipping
Refreshing native plugins compatible for Editor in 2.31 ms, found 2 plugins.
Preloading 0 native plugins for Editor in 0.00 ms.
Unloading 1600 Unused Serialized files (Serialized files now loaded: 0)
System memory in use before: 115.1 MB.
System memory in use after: 114.4 MB.

Unloading 25 unused Assets to reduce memory usage. Loaded Objects now: 2201.
Total: 5.993600 ms (FindLiveObjects: 0.346500 ms CreateObjectMapping: 0.112500 ms MarkObjects: 3.720400 ms  DeleteObjects: 1.811900 ms)

AssetImportParameters requested are different than current active one (requested -> active):
  custom:framework-win-MediaFoundation: 216162199b28c13a410421893ffa2e32 -> 
  custom:video-decoder-ogg-theora: a1e56fd34408186e4bbccfd4996cb3dc -> 
  custom:container-muxer-webm: aa71ff27fc2769a1b78a27578f13a17b -> 
  custom:container-demuxer-webm: 4f35f7cbe854078d1ac9338744f61a02 -> 
  custom:container-demuxer-ogg: 62fdf1f143b41e24485cea50d1cbac27 -> 
  custom:video-encoder-webm-vp8: eb34c28f22e8b96e1ab97ce403110664 -> 
  custom:video-decoder-webm-vp8: 9c59270c3fd7afecdb556c50c9e8de78 -> 
  custom:audio-decoder-ogg-vorbis: bf7c407c2cedff20999df2af8eb42d56 -> 
  custom:audio-encoder-webm-vorbis: bf7c407c2cedff20999df2af8eb42d56 -> 
========================================================================
Received Prepare
Registering precompiled user dll's ...
Registered in 0.004535 seconds.
Begin MonoManager ReloadAssembly
Native extension for WindowsStandalone target not found
Refreshing native plugins compatible for Editor in 0.69 ms, found 2 plugins.
Preloading 0 native plugins for Editor in 0.00 ms.
Mono: successfully reloaded assembly
- Completed reload, in  1.416 seconds
Platform modules already initialized, skipping
Refreshing native plugins compatible for Editor in 1.06 ms, found 2 plugins.
Preloading 0 native plugins for Editor in 0.00 ms.
Unloading 1600 Unused Serialized files (Serialized files now loaded: 0)
System memory in use before: 114.9 MB.
System memory in use after: 114.2 MB.

Unloading 24 unused Assets to reduce memory usage. Loaded Objects now: 2204.
Total: 4.030900 ms (FindLiveObjects: 0.266100 ms CreateObjectMapping: 0.123200 ms MarkObjects: 2.651800 ms  DeleteObjects: 0.988100 ms)

AssetImportParameters requested are different than current active one (requested -> active):
  custom:framework-win-MediaFoundation: 216162199b28c13a410421893ffa2e32 -> 
  custom:video-decoder-ogg-theora: a1e56fd34408186e4bbccfd4996cb3dc -> 
  custom:container-muxer-webm: aa71ff27fc2769a1b78a27578f13a17b -> 
  custom:container-demuxer-webm: 4f35f7cbe854078d1ac9338744f61a02 -> 
  custom:container-demuxer-ogg: 62fdf1f143b41e24485cea50d1cbac27 -> 
  custom:video-encoder-webm-vp8: eb34c28f22e8b96e1ab97ce403110664 -> 
  custom:video-decoder-webm-vp8: 9c59270c3fd7afecdb556c50c9e8de78 -> 
  custom:audio-decoder-ogg-vorbis: bf7c407c2cedff20999df2af8eb42d56 -> 
  custom:audio-encoder-webm-vorbis: bf7c407c2cedff20999df2af8eb42d56 -> 
AssetImportWorkerClient::OnTransportError - code=2 error=End of file
